2021-04-09 17:59:34.618 goland[7100:111540] allVms required 1.8*,1.8+
2021-04-09 17:59:34.621 goland[7100:111547] Current Directory: /Users/lx/ayher/learn/myproject
2021-04-09 17:59:34.621 goland[7100:111547] Value of GOLAND_VM_OPTIONS is (null)
2021-04-09 17:59:34.621 goland[7100:111547] Processing VMOptions file at /Users/lx/Library/Application Support/JetBrains/GoLand2020.3/goland.vmoptions
2021-04-09 17:59:34.621 goland[7100:111547] Done
OpenJDK 64-Bit Server VM warning: Option UseConcMarkSweepGC was deprecated in version 9.0 and will likely be removed in a future release.
Already running
2021-04-09 18:05:09.956 goland[7231:113716] allVms required 1.8*,1.8+
2021-04-09 18:05:09.958 goland[7231:113720] Current Directory: /Users/lx/ayher/learn/myproject
2021-04-09 18:05:09.958 goland[7231:113720] Value of GOLAND_VM_OPTIONS is (null)
2021-04-09 18:05:09.958 goland[7231:113720] Processing VMOptions file at /Users/lx/Library/Application Support/JetBrains/GoLand2020.3/goland.vmoptions
2021-04-09 18:05:09.958 goland[7231:113720] Done
OpenJDK 64-Bit Server VM warning: Option UseConcMarkSweepGC was deprecated in version 9.0 and will likely be removed in a future release.
2021-04-09 18:05:12,449 [   2038]   WARN - nSystem.impl.ActionManagerImpl - keymap "Visual Studio" not found [Plugin: com.intellij] 
2021-04-09 18:05:12,452 [   2041]   WARN - nSystem.impl.ActionManagerImpl - keymap "Eclipse" not found [Plugin: com.intellij] 
2021-04-09 18:05:12,452 [   2041]   WARN - nSystem.impl.ActionManagerImpl - keymap "NetBeans 6.5" not found [Plugin: com.intellij] 
2021-04-09 18:05:12,452 [   2041]   WARN - nSystem.impl.ActionManagerImpl - keymap "Visual Studio" not found [Plugin: com.intellij] 
2021-04-09 18:05:12,458 [   2047]   WARN - nSystem.impl.ActionManagerImpl - keymap "Eclipse (Mac OS X)" not found [Plugin: com.intellij] 
2021-04-09 18:05:12,458 [   2047]   WARN - nSystem.impl.ActionManagerImpl - keymap "Xcode" not found [Plugin: com.intellij] 
2021-04-09 18:05:12,494 [   2083]   WARN - nSystem.impl.ActionManagerImpl - keymap "Visual Studio" not found [Plugin: HtmlTools] 
2021-04-09 18:05:12,736 [   2325]   WARN - nSystem.impl.ActionManagerImpl - keymap "Eclipse" not found [Plugin: org.jetbrains.plugins.github] 
2021-04-09 18:05:12,736 [   2325]   WARN - nSystem.impl.ActionManagerImpl - keymap "Eclipse (Mac OS X)" not found [Plugin: org.jetbrains.plugins.github] 
2021-04-09 18:05:12,736 [   2325]   WARN - nSystem.impl.ActionManagerImpl - keymap "Eclipse (Mac OS X)" not found [Plugin: org.jetbrains.plugins.github] 
2021-04-09 18:05:12,752 [   2341]   WARN - nSystem.impl.ActionManagerImpl - keymap "Eclipse" not found [Plugin: JavaScript] 
2021-04-09 18:05:12,752 [   2341]   WARN - nSystem.impl.ActionManagerImpl - keymap "Visual Studio" not found [Plugin: JavaScript] 
Exception while disposing deferred rec.
2021-04-09 21:31:58.623 goland[8508:149919] allVms required 1.8*,1.8+
2021-04-09 21:31:58.625 goland[8508:149927] Current Directory: /Users/lx/ayher/learn/myproject
2021-04-09 21:31:58.625 goland[8508:149927] Value of GOLAND_VM_OPTIONS is (null)
2021-04-09 21:31:58.625 goland[8508:149927] Processing VMOptions file at /Users/lx/Library/Application Support/JetBrains/GoLand2020.3/goland.vmoptions
2021-04-09 21:31:58.625 goland[8508:149927] Done
OpenJDK 64-Bit Server VM warning: Option UseConcMarkSweepGC was deprecated in version 9.0 and will likely be removed in a future release.
2021-04-09 21:32:01,266 [   2179]   WARN - nSystem.impl.ActionManagerImpl - keymap "Visual Studio" not found [Plugin: com.intellij] 
2021-04-09 21:32:01,270 [   2183]   WARN - nSystem.impl.ActionManagerImpl - keymap "Eclipse" not found [Plugin: com.intellij] 
2021-04-09 21:32:01,270 [   2183]   WARN - nSystem.impl.ActionManagerImpl - keymap "NetBeans 6.5" not found [Plugin: com.intellij] 
2021-04-09 21:32:01,270 [   2183]   WARN - nSystem.impl.ActionManagerImpl - keymap "Visual Studio" not found [Plugin: com.intellij] 
2021-04-09 21:32:01,278 [   2191]   WARN - nSystem.impl.ActionManagerImpl - keymap "Eclipse (Mac OS X)" not found [Plugin: com.intellij] 
2021-04-09 21:32:01,278 [   2191]   WARN - nSystem.impl.ActionManagerImpl - keymap "Xcode" not found [Plugin: com.intellij] 
2021-04-09 21:32:01,309 [   2222]   WARN - nSystem.impl.ActionManagerImpl - keymap "Visual Studio" not found [Plugin: HtmlTools] 
2021-04-09 21:32:01,572 [   2485]   WARN - nSystem.impl.ActionManagerImpl - keymap "Eclipse" not found [Plugin: org.jetbrains.plugins.github] 
2021-04-09 21:32:01,572 [   2485]   WARN - nSystem.impl.ActionManagerImpl - keymap "Eclipse (Mac OS X)" not found [Plugin: org.jetbrains.plugins.github] 
2021-04-09 21:32:01,573 [   2486]   WARN - nSystem.impl.ActionManagerImpl - keymap "Eclipse (Mac OS X)" not found [Plugin: org.jetbrains.plugins.github] 
2021-04-09 21:32:01,585 [   2498]   WARN - nSystem.impl.ActionManagerImpl - keymap "Eclipse" not found [Plugin: JavaScript] 
2021-04-09 21:32:01,585 [   2498]   WARN - nSystem.impl.ActionManagerImpl - keymap "Visual Studio" not found [Plugin: JavaScript] 
regular expression has ']' without escape
regular expression has ']' without escape
2021-04-10 16:18:06.770 goland[590:5610] allVms required 1.8*,1.8+
2021-04-10 16:18:06.795 goland[590:5621] Current Directory: /Users/lx/ayher/learn/myproject
2021-04-10 16:18:06.795 goland[590:5621] Value of GOLAND_VM_OPTIONS is (null)
2021-04-10 16:18:06.796 goland[590:5621] Processing VMOptions file at /Users/lx/Library/Application Support/JetBrains/GoLand2020.3/goland.vmoptions
2021-04-10 16:18:06.796 goland[590:5621] Done
OpenJDK 64-Bit Server VM warning: Option UseConcMarkSweepGC was deprecated in version 9.0 and will likely be removed in a future release.
2021-04-10 16:18:09,740 [   2187]   WARN - nSystem.impl.ActionManagerImpl - keymap "Visual Studio" not found [Plugin: com.intellij] 
2021-04-10 16:18:09,744 [   2191]   WARN - nSystem.impl.ActionManagerImpl - keymap "Eclipse" not found [Plugin: com.intellij] 
2021-04-10 16:18:09,744 [   2191]   WARN - nSystem.impl.ActionManagerImpl - keymap "NetBeans 6.5" not found [Plugin: com.intellij] 
2021-04-10 16:18:09,744 [   2191]   WARN - nSystem.impl.ActionManagerImpl - keymap "Visual Studio" not found [Plugin: com.intellij] 
2021-04-10 16:18:09,750 [   2197]   WARN - nSystem.impl.ActionManagerImpl - keymap "Eclipse (Mac OS X)" not found [Plugin: com.intellij] 
2021-04-10 16:18:09,750 [   2197]   WARN - nSystem.impl.ActionManagerImpl - keymap "Xcode" not found [Plugin: com.intellij] 
2021-04-10 16:18:09,781 [   2228]   WARN - nSystem.impl.ActionManagerImpl - keymap "Visual Studio" not found [Plugin: HtmlTools] 
2021-04-10 16:18:09,944 [   2391]   WARN - nSystem.impl.ActionManagerImpl - keymap "Eclipse" not found [Plugin: org.jetbrains.plugins.github] 
2021-04-10 16:18:09,944 [   2391]   WARN - nSystem.impl.ActionManagerImpl - keymap "Eclipse (Mac OS X)" not found [Plugin: org.jetbrains.plugins.github] 
2021-04-10 16:18:09,944 [   2391]   WARN - nSystem.impl.ActionManagerImpl - keymap "Eclipse (Mac OS X)" not found [Plugin: org.jetbrains.plugins.github] 
2021-04-10 16:18:09,965 [   2412]   WARN - nSystem.impl.ActionManagerImpl - keymap "Eclipse" not found [Plugin: JavaScript] 
2021-04-10 16:18:09,965 [   2412]   WARN - nSystem.impl.ActionManagerImpl - keymap "Visual Studio" not found [Plugin: JavaScript] 
2021-04-10 17:01:01,341 [2573788]   WARN -  #git4idea.commands.GitHandler - Cannot start process, the working directory '/Users/lx/ayher/learn/myproject' does not exist 
com.intellij.execution.ExecutionException: Cannot start process, the working directory '/Users/lx/ayher/learn/myproject' does not exist
	at com.intellij.execution.configurations.GeneralCommandLine.validateAndPrepareCommandLine(GeneralCommandLine.java:394)
	at com.intellij.execution.configurations.GeneralCommandLine.createProcess(GeneralCommandLine.java:374)
	at com.intellij.execution.process.OSProcessHandler.startProcess(OSProcessHandler.java:101)
	at com.intellij.execution.process.OSProcessHandler.<init>(OSProcessHandler.java:49)
	at com.intellij.execution.process.KillableProcessHandler.<init>(KillableProcessHandler.java:37)
	at com.intellij.execution.process.KillableProcessHandler.<init>(KillableProcessHandler.java:45)
	at git4idea.commands.GitTextHandler$MyOSProcessHandler.<init>(GitTextHandler.java:183)
	at git4idea.commands.GitLineHandler$1.<init>(GitLineHandler.java:146)
	at git4idea.commands.GitLineHandler.createProcess(GitLineHandler.java:146)
	at git4idea.commands.GitTextHandler.startProcess(GitTextHandler.java:76)
	at git4idea.commands.GitHandler.start(GitHandler.java:429)
	at git4idea.commands.GitHandler.runInCurrentThread(GitHandler.java:376)
	at git4idea.commands.GitImplBase.doRun(GitImplBase.java:211)
	at git4idea.commands.GitImplBase.run(GitImplBase.java:173)
	at git4idea.commands.GitImplBase.runCommand(GitImplBase.java:73)
	at git4idea.history.GitHistoryUtils.getCurrentRevision(GitHistoryUtils.java:193)
	at git4idea.diff.GitDiffProvider.getCurrentRevision(GitDiffProvider.java:71)
	at zielu.gittoolbox.util.GtUtil.getCurrentRevision(GtUtil.kt:80)
	at zielu.gittoolbox.blame.BlameLoaderLocalGateway$getCurrentRevisionNumber$1.invoke(BlameLoaderLocalGateway.kt:35)
	at zielu.gittoolbox.blame.BlameLoaderLocalGateway$getCurrentRevisionNumber$1.invoke(BlameLoaderLocalGateway.kt:15)
	at zielu.intellij.metrics.codehale.CodehaleTimer$sam$java_util_function_Supplier$0.get(CodehaleTimer.kt)
	at com.codahale.metrics.Timer.timeSupplier(Timer.java:136)
	at zielu.intellij.metrics.codehale.CodehaleTimer.timeSupplierKt(CodehaleTimer.kt:10)
	at zielu.gittoolbox.blame.BlameLoaderLocalGateway.getCurrentRevisionNumber(BlameLoaderLocalGateway.kt:35)
	at zielu.gittoolbox.blame.BlameLoaderImpl.annotate(BlameLoaderImpl.kt:27)
	at zielu.gittoolbox.blame.BlameCacheImpl$AnnotationLoader.load(BlameCacheImpl.java:226)
	at zielu.intellij.metrics.codehale.CodehaleTimer$sam$java_util_function_Supplier$0.get(CodehaleTimer.kt)
	at com.codahale.metrics.Timer.timeSupplier(Timer.java:136)
	at zielu.intellij.metrics.codehale.CodehaleTimer.timeSupplierKt(CodehaleTimer.kt:10)
	at zielu.gittoolbox.blame.BlameCacheLocalGateway.timeLoad(BlameCacheLocalGateway.kt:31)
	at zielu.gittoolbox.blame.BlameCacheImpl$AnnotationLoader.run(BlameCacheImpl.java:211)
	at zielu.gittoolbox.util.DisposeAfterExecutableTask.run(DisposeAfterExecutableTask.kt:13)
	at zielu.gittoolbox.util.DisposeSafeExecutableTask.run(DisposeSafeExecutableTask.kt:9)
	at zielu.gittoolbox.blame.BlameCacheExecutor$1.run(BlameCacheExecutor.java:65)
	at com.intellij.openapi.progress.impl.CoreProgressManager$TaskRunnable.run(CoreProgressManager.java:962)
	at com.intellij.openapi.progress.impl.CoreProgressManager.lambda$runProcessWithProgressAsync$5(CoreProgressManager.java:472)
	at com.intellij.openapi.progress.impl.ProgressRunner.lambda$submit$3(ProgressRunner.java:235)
	at com.intellij.openapi.progress.impl.CoreProgressManager.lambda$runProcess$2(CoreProgressManager.java:178)
	at com.intellij.openapi.progress.impl.CoreProgressManager.registerIndicatorAndRun(CoreProgressManager.java:658)
	at com.intellij.openapi.progress.impl.CoreProgressManager.executeProcessUnderProgress(CoreProgressManager.java:610)
	at com.intellij.openapi.progress.impl.ProgressManagerImpl.executeProcessUnderProgress(ProgressManagerImpl.java:65)
	at com.intellij.openapi.progress.impl.CoreProgressManager.runProcess(CoreProgressManager.java:165)
	at com.intellij.openapi.progress.impl.ProgressRunner.lambda$submit$4(ProgressRunner.java:235)
	at java.base/java.util.concurrent.CompletableFuture$AsyncSupply.run(CompletableFuture.java:1700)
	at java.base/java.util.concurrent.ThreadPoolExecutor.runWorker(ThreadPoolExecutor.java:1128)
	at java.base/java.util.concurrent.ThreadPoolExecutor$Worker.run(ThreadPoolExecutor.java:628)
	at java.base/java.util.concurrent.Executors$PrivilegedThreadFactory$1$1.run(Executors.java:668)
	at java.base/java.util.concurrent.Executors$PrivilegedThreadFactory$1$1.run(Executors.java:665)
	at java.base/java.security.AccessController.doPrivileged(Native Method)
	at java.base/java.util.concurrent.Executors$PrivilegedThreadFactory$1.run(Executors.java:665)
	at java.base/java.lang.Thread.run(Thread.java:834)
2021-04-10 17:01:01,453 [2573900]   WARN - ernallyAddedFilesProcessorImpl - Cannot find project config directory for non-default and non-directory based project myproject 
2021-04-10 17:01:02,342 [2574789]   WARN -  #git4idea.commands.GitHandler - Cannot start process, the working directory '/Users/lx/ayher/learn/myproject' does not exist 
com.intellij.execution.ExecutionException: Cannot start process, the working directory '/Users/lx/ayher/learn/myproject' does not exist
	at com.intellij.execution.configurations.GeneralCommandLine.validateAndPrepareCommandLine(GeneralCommandLine.java:394)
	at com.intellij.execution.configurations.GeneralCommandLine.createProcess(GeneralCommandLine.java:374)
	at com.intellij.execution.process.OSProcessHandler.startProcess(OSProcessHandler.java:101)
	at com.intellij.execution.process.OSProcessHandler.<init>(OSProcessHandler.java:49)
	at com.intellij.execution.process.KillableProcessHandler.<init>(KillableProcessHandler.java:37)
	at com.intellij.execution.process.KillableProcessHandler.<init>(KillableProcessHandler.java:45)
	at git4idea.commands.GitTextHandler$MyOSProcessHandler.<init>(GitTextHandler.java:183)
	at git4idea.commands.GitLineHandler$1.<init>(GitLineHandler.java:146)
	at git4idea.commands.GitLineHandler.createProcess(GitLineHandler.java:146)
	at git4idea.commands.GitTextHandler.startProcess(GitTextHandler.java:76)
	at git4idea.commands.GitHandler.start(GitHandler.java:429)
	at git4idea.commands.GitHandler.runInCurrentThread(GitHandler.java:376)
	at git4idea.commands.GitImplBase.doRun(GitImplBase.java:211)
	at git4idea.commands.GitImplBase.run(GitImplBase.java:173)
	at git4idea.commands.GitImplBase.runCommand(GitImplBase.java:73)
	at git4idea.commands.GitImpl.ignoredFilePathsNoChunk(GitImpl.java:109)
	at git4idea.commands.GitImpl.ignoredFilePaths(GitImpl.java:85)
	at git4idea.ignore.GitRepositoryIgnoredFilesHolder.requestIgnored(GitRepositoryIgnoredFilesHolder.kt:21)
	at git4idea.ignore.GitRepositoryIgnoredFilesHolder.requestIgnored(GitRepositoryIgnoredFilesHolder.kt:13)
	at com.intellij.dvcs.ignore.VcsRepositoryIgnoredFilesHolderBase.tryRequestIgnored(VcsRepositoryIgnoredFilesHolderBase.kt:124)
	at com.intellij.dvcs.ignore.VcsRepositoryIgnoredFilesHolderBase.doCheckIgnored(VcsRepositoryIgnoredFilesHolderBase.kt:199)
	at com.intellij.dvcs.ignore.VcsRepositoryIgnoredFilesHolderBase.access$doCheckIgnored(VcsRepositoryIgnoredFilesHolderBase.kt:36)
	at com.intellij.dvcs.ignore.VcsRepositoryIgnoredFilesHolderBase$checkIgnored$1.invoke(VcsRepositoryIgnoredFilesHolderBase.kt:167)
	at com.intellij.dvcs.ignore.VcsRepositoryIgnoredFilesHolderBase$checkIgnored$1.invoke(VcsRepositoryIgnoredFilesHolderBase.kt:36)
	at com.intellij.dvcs.ignore.VcsRepositoryIgnoredFilesHolderBase$queueIgnoreUpdate$1.invoke(VcsRepositoryIgnoredFilesHolderBase.kt:176)
	at com.intellij.dvcs.ignore.VcsRepositoryIgnoredFilesHolderBase$queueIgnoreUpdate$1.invoke(VcsRepositoryIgnoredFilesHolderBase.kt:36)
	at com.intellij.dvcs.ignore.VcsRepositoryIgnoredFilesHolderBase$MyUpdate.doRun(VcsRepositoryIgnoredFilesHolderBase.kt:195)
	at com.intellij.openapi.progress.impl.CoreProgressManager.lambda$runProcess$2(CoreProgressManager.java:178)
	at com.intellij.openapi.progress.impl.CoreProgressManager.registerIndicatorAndRun(CoreProgressManager.java:658)
	at com.intellij.openapi.progress.impl.CoreProgressManager.executeProcessUnderProgress(CoreProgressManager.java:610)
	at com.intellij.openapi.progress.impl.ProgressManagerImpl.executeProcessUnderProgress(ProgressManagerImpl.java:65)
	at com.intellij.openapi.progress.impl.CoreProgressManager.runProcess(CoreProgressManager.java:165)
	at com.intellij.openapi.progress.util.BackgroundTaskUtil.runUnderDisposeAwareIndicator(BackgroundTaskUtil.java:254)
	at com.intellij.util.ui.update.DisposableUpdate.run(DisposableUpdate.java:19)
	at com.intellij.util.ui.update.MergingUpdateQueue.execute(MergingUpdateQueue.java:333)
	at com.intellij.util.ui.update.MergingUpdateQueue.execute(MergingUpdateQueue.java:323)
	at com.intellij.util.ui.update.MergingUpdateQueue.lambda$flush$1(MergingUpdateQueue.java:273)
	at com.intellij.util.ui.update.MergingUpdateQueue.flush(MergingUpdateQueue.java:287)
	at com.intellij.util.ui.update.MergingUpdateQueue.run(MergingUpdateQueue.java:242)
	at com.intellij.util.concurrency.QueueProcessor.runSafely(QueueProcessor.java:238)
	at com.intellij.util.Alarm$Request.runSafely(Alarm.java:376)
	at com.intellij.util.Alarm$Request.run(Alarm.java:362)
	at java.base/java.util.concurrent.Executors$RunnableAdapter.call(Executors.java:515)
	at java.base/java.util.concurrent.FutureTask.run(FutureTask.java:264)
	at com.intellij.util.concurrency.SchedulingWrapper$MyScheduledFutureTask.run(SchedulingWrapper.java:220)
	at com.intellij.util.concurrency.BoundedTaskExecutor.doRun(BoundedTaskExecutor.java:216)
	at com.intellij.util.concurrency.BoundedTaskExecutor.access$200(BoundedTaskExecutor.java:27)
	at com.intellij.util.concurrency.BoundedTaskExecutor$1.execute(BoundedTaskExecutor.java:195)
	at com.intellij.util.ConcurrencyUtil.runUnderThreadName(ConcurrencyUtil.java:208)
	at com.intellij.util.concurrency.BoundedTaskExecutor$1.run(BoundedTaskExecutor.java:184)
	at java.base/java.util.concurrent.ThreadPoolExecutor.runWorker(ThreadPoolExecutor.java:1128)
	at java.base/java.util.concurrent.ThreadPoolExecutor$Worker.run(ThreadPoolExecutor.java:628)
	at java.base/java.util.concurrent.Executors$PrivilegedThreadFactory$1$1.run(Executors.java:668)
	at java.base/java.util.concurrent.Executors$PrivilegedThreadFactory$1$1.run(Executors.java:665)
	at java.base/java.security.AccessController.doPrivileged(Native Method)
	at java.base/java.util.concurrent.Executors$PrivilegedThreadFactory$1.run(Executors.java:665)
	at java.base/java.lang.Thread.run(Thread.java:834)
2021-04-10 17:01:02,343 [2574790]   WARN - positoryIgnoredFilesHolderBase - Cannot request ignored:  
com.intellij.openapi.vcs.VcsException: Failed to start Git process: Cannot start process, the working directory '/Users/lx/ayher/learn/myproject' does not exist
	at git4idea.commands.GitCommandResult.throwOnError(GitCommandResult.java:152)
	at git4idea.commands.GitCommandResult.getOutputOrThrow(GitCommandResult.java:141)
	at git4idea.commands.GitImpl.ignoredFilePathsNoChunk(GitImpl.java:109)
	at git4idea.commands.GitImpl.ignoredFilePaths(GitImpl.java:85)
	at git4idea.ignore.GitRepositoryIgnoredFilesHolder.requestIgnored(GitRepositoryIgnoredFilesHolder.kt:21)
	at git4idea.ignore.GitRepositoryIgnoredFilesHolder.requestIgnored(GitRepositoryIgnoredFilesHolder.kt:13)
	at com.intellij.dvcs.ignore.VcsRepositoryIgnoredFilesHolderBase.tryRequestIgnored(VcsRepositoryIgnoredFilesHolderBase.kt:124)
	at com.intellij.dvcs.ignore.VcsRepositoryIgnoredFilesHolderBase.doCheckIgnored(VcsRepositoryIgnoredFilesHolderBase.kt:199)
	at com.intellij.dvcs.ignore.VcsRepositoryIgnoredFilesHolderBase.access$doCheckIgnored(VcsRepositoryIgnoredFilesHolderBase.kt:36)
	at com.intellij.dvcs.ignore.VcsRepositoryIgnoredFilesHolderBase$checkIgnored$1.invoke(VcsRepositoryIgnoredFilesHolderBase.kt:167)
	at com.intellij.dvcs.ignore.VcsRepositoryIgnoredFilesHolderBase$checkIgnored$1.invoke(VcsRepositoryIgnoredFilesHolderBase.kt:36)
	at com.intellij.dvcs.ignore.VcsRepositoryIgnoredFilesHolderBase$queueIgnoreUpdate$1.invoke(VcsRepositoryIgnoredFilesHolderBase.kt:176)
	at com.intellij.dvcs.ignore.VcsRepositoryIgnoredFilesHolderBase$queueIgnoreUpdate$1.invoke(VcsRepositoryIgnoredFilesHolderBase.kt:36)
	at com.intellij.dvcs.ignore.VcsRepositoryIgnoredFilesHolderBase$MyUpdate.doRun(VcsRepositoryIgnoredFilesHolderBase.kt:195)
	at com.intellij.openapi.progress.impl.CoreProgressManager.lambda$runProcess$2(CoreProgressManager.java:178)
	at com.intellij.openapi.progress.impl.CoreProgressManager.registerIndicatorAndRun(CoreProgressManager.java:658)
	at com.intellij.openapi.progress.impl.CoreProgressManager.executeProcessUnderProgress(CoreProgressManager.java:610)
	at com.intellij.openapi.progress.impl.ProgressManagerImpl.executeProcessUnderProgress(ProgressManagerImpl.java:65)
	at com.intellij.openapi.progress.impl.CoreProgressManager.runProcess(CoreProgressManager.java:165)
	at com.intellij.openapi.progress.util.BackgroundTaskUtil.runUnderDisposeAwareIndicator(BackgroundTaskUtil.java:254)
	at com.intellij.util.ui.update.DisposableUpdate.run(DisposableUpdate.java:19)
	at com.intellij.util.ui.update.MergingUpdateQueue.execute(MergingUpdateQueue.java:333)
	at com.intellij.util.ui.update.MergingUpdateQueue.execute(MergingUpdateQueue.java:323)
	at com.intellij.util.ui.update.MergingUpdateQueue.lambda$flush$1(MergingUpdateQueue.java:273)
	at com.intellij.util.ui.update.MergingUpdateQueue.flush(MergingUpdateQueue.java:287)
	at com.intellij.util.ui.update.MergingUpdateQueue.run(MergingUpdateQueue.java:242)
	at com.intellij.util.concurrency.QueueProcessor.runSafely(QueueProcessor.java:238)
	at com.intellij.util.Alarm$Request.runSafely(Alarm.java:376)
	at com.intellij.util.Alarm$Request.run(Alarm.java:362)
	at java.base/java.util.concurrent.Executors$RunnableAdapter.call(Executors.java:515)
	at java.base/java.util.concurrent.FutureTask.run(FutureTask.java:264)
	at com.intellij.util.concurrency.SchedulingWrapper$MyScheduledFutureTask.run(SchedulingWrapper.java:220)
	at com.intellij.util.concurrency.BoundedTaskExecutor.doRun(BoundedTaskExecutor.java:216)
	at com.intellij.util.concurrency.BoundedTaskExecutor.access$200(BoundedTaskExecutor.java:27)
	at com.intellij.util.concurrency.BoundedTaskExecutor$1.execute(BoundedTaskExecutor.java:195)
	at com.intellij.util.ConcurrencyUtil.runUnderThreadName(ConcurrencyUtil.java:208)
	at com.intellij.util.concurrency.BoundedTaskExecutor$1.run(BoundedTaskExecutor.java:184)
	at java.base/java.util.concurrent.ThreadPoolExecutor.runWorker(ThreadPoolExecutor.java:1128)
	at java.base/java.util.concurrent.ThreadPoolExecutor$Worker.run(ThreadPoolExecutor.java:628)
	at java.base/java.util.concurrent.Executors$PrivilegedThreadFactory$1$1.run(Executors.java:668)
	at java.base/java.util.concurrent.Executors$PrivilegedThreadFactory$1$1.run(Executors.java:665)
	at java.base/java.security.AccessController.doPrivileged(Native Method)
	at java.base/java.util.concurrent.Executors$PrivilegedThreadFactory$1.run(Executors.java:665)
	at java.base/java.lang.Thread.run(Thread.java:834)
2021-04-10 17:04:25.735 goland[3752:27957] allVms required 1.8*,1.8+
2021-04-10 17:04:25.737 goland[3752:27964] Current Directory: /Users/lx/ayher/learn/myproject
2021-04-10 17:04:25.737 goland[3752:27964] Value of GOLAND_VM_OPTIONS is (null)
2021-04-10 17:04:25.737 goland[3752:27964] Processing VMOptions file at /Users/lx/Library/Application Support/JetBrains/GoLand2020.3/goland.vmoptions
2021-04-10 17:04:25.737 goland[3752:27964] Done
OpenJDK 64-Bit Server VM warning: Option UseConcMarkSweepGC was deprecated in version 9.0 and will likely be removed in a future release.
Already running
2021-04-10 17:08:07.379 goland[593:5157] allVms required 1.8*,1.8+
2021-04-10 17:08:07.406 goland[593:5172] Current Directory: /Users/lx/ayher/learn/myproject
2021-04-10 17:08:07.407 goland[593:5172] Value of GOLAND_VM_OPTIONS is (null)
2021-04-10 17:08:07.407 goland[593:5172] Processing VMOptions file at /Users/lx/Library/Application Support/JetBrains/GoLand2020.3/goland.vmoptions
2021-04-10 17:08:07.407 goland[593:5172] Done
OpenJDK 64-Bit Server VM warning: Option UseConcMarkSweepGC was deprecated in version 9.0 and will likely be removed in a future release.
2021-04-10 17:08:10,578 [   2419]   WARN - nSystem.impl.ActionManagerImpl - keymap "Visual Studio" not found [Plugin: com.intellij] 
2021-04-10 17:08:10,582 [   2423]   WARN - nSystem.impl.ActionManagerImpl - keymap "Eclipse" not found [Plugin: com.intellij] 
2021-04-10 17:08:10,582 [   2423]   WARN - nSystem.impl.ActionManagerImpl - keymap "NetBeans 6.5" not found [Plugin: com.intellij] 
2021-04-10 17:08:10,582 [   2423]   WARN - nSystem.impl.ActionManagerImpl - keymap "Visual Studio" not found [Plugin: com.intellij] 
2021-04-10 17:08:10,588 [   2429]   WARN - nSystem.impl.ActionManagerImpl - keymap "Eclipse (Mac OS X)" not found [Plugin: com.intellij] 
2021-04-10 17:08:10,588 [   2429]   WARN - nSystem.impl.ActionManagerImpl - keymap "Xcode" not found [Plugin: com.intellij] 
2021-04-10 17:08:10,620 [   2461]   WARN - nSystem.impl.ActionManagerImpl - keymap "Visual Studio" not found [Plugin: HtmlTools] 
2021-04-10 17:08:10,756 [   2597]   WARN - nSystem.impl.ActionManagerImpl - keymap "Eclipse" not found [Plugin: org.jetbrains.plugins.github] 
2021-04-10 17:08:10,757 [   2598]   WARN - nSystem.impl.ActionManagerImpl - keymap "Eclipse (Mac OS X)" not found [Plugin: org.jetbrains.plugins.github] 
2021-04-10 17:08:10,757 [   2598]   WARN - nSystem.impl.ActionManagerImpl - keymap "Eclipse (Mac OS X)" not found [Plugin: org.jetbrains.plugins.github] 
2021-04-10 17:08:10,772 [   2613]   WARN - nSystem.impl.ActionManagerImpl - keymap "Eclipse" not found [Plugin: JavaScript] 
2021-04-10 17:08:10,772 [   2613]   WARN - nSystem.impl.ActionManagerImpl - keymap "Visual Studio" not found [Plugin: JavaScript] 
2021-04-10 17:08:19,365 [  11206]  ERROR - .history.utils.LocalHistoryLog - Local history is broken(version:6, current timestamp: 2021年4月10日 下午5:08:19, storage timestamp: 2021年4月9日 上午9:39:00, vfs timestamp: 2021年4月9日 上午9:39:00, path: /Users/lx/Library/Caches/JetBrains/GoLand2020.3/LocalHistory)
null 
java.io.IOException: Corrupted records: storageLength=14,168 recordsLength=14,136 recordSize=32
	at com.intellij.util.io.storage.AbstractRecordsTable.getRecordsCount(AbstractRecordsTable.java:90)
	at com.intellij.util.io.storage.AbstractRecordsTable.createNewRecord(AbstractRecordsTable.java:74)
	at com.intellij.history.core.LocalHistoryStorage.lambda$createNextRecord$10(LocalHistoryStorage.java:87)
	at com.intellij.util.ConcurrencyUtil.withLock(ConcurrencyUtil.java:229)
	at com.intellij.util.io.storage.AbstractStorage.withWriteLock(AbstractStorage.java:455)
	at com.intellij.history.core.LocalHistoryStorage.createNextRecord(LocalHistoryStorage.java:85)
	at com.intellij.history.core.ChangeListStorageImpl.writeNextSet(ChangeListStorageImpl.java:198)
	at com.intellij.history.core.ChangeList.doEndChangeSet(ChangeList.java:86)
	at com.intellij.history.core.ChangeList.endChangeSet(ChangeList.java:74)
	at com.intellij.history.core.LocalHistoryFacade.endChangeSet(LocalHistoryFacade.java:56)
	at com.intellij.history.integration.LocalHistoryEventDispatcher.endChangeSet(LocalHistoryEventDispatcher.java:88)
	at com.intellij.history.integration.LocalHistoryEventDispatcher.fileCreated(LocalHistoryEventDispatcher.java:95)
	at com.intellij.history.integration.LocalHistoryEventDispatcher.handleAfterEvent(LocalHistoryEventDispatcher.java:218)
	at com.intellij.history.integration.LocalHistoryEventDispatcher.lambda$after$1(LocalHistoryEventDispatcher.java:208)
	at com.intellij.history.integration.IdeaGateway.runWithVfsEventsDispatchContext(IdeaGateway.java:138)
	at com.intellij.history.integration.LocalHistoryEventDispatcher.after(LocalHistoryEventDispatcher.java:206)
	at jdk.internal.reflect.GeneratedMethodAccessor60.invoke(Unknown Source)
	at java.base/jdk.internal.reflect.DelegatingMethodAccessorImpl.invoke(DelegatingMethodAccessorImpl.java:43)
	at java.base/java.lang.reflect.Method.invoke(Method.java:566)
	at com.intellij.util.messages.impl.MessageBusImpl.invokeListener(MessageBusImpl.java:652)
	at com.intellij.util.messages.impl.MessageBusImpl.deliverMessage(MessageBusImpl.java:426)
	at com.intellij.util.messages.impl.MessageBusImpl.pumpWaitingBuses(MessageBusImpl.java:401)
	at com.intellij.util.messages.impl.MessageBusImpl.pumpMessages(MessageBusImpl.java:383)
	at com.intellij.util.messages.impl.MessageBusImpl.access$100(MessageBusImpl.java:33)
	at com.intellij.util.messages.impl.MessageBusImpl$MessagePublisher.invoke(MessageBusImpl.java:189)
	at com.sun.proxy.$Proxy119.after(Unknown Source)
	at com.intellij.openapi.vfs.newvfs.persistent.PersistentFSImpl.fireAfterEvents(PersistentFSImpl.java:1091)
	at com.intellij.openapi.vfs.newvfs.persistent.PersistentFSImpl.processEvent(PersistentFSImpl.java:781)
	at com.intellij.openapi.vfs.newvfs.persistent.PersistentFSImpl.createChildFile(PersistentFSImpl.java:486)
	at com.intellij.openapi.vfs.newvfs.impl.VirtualFileSystemEntry.createChildData(VirtualFileSystemEntry.java:275)
	at git4idea.ignore.GitIgnoreInStoreDirGenerator$createGitignore$1$$special$$inlined$runWriteAction$1.compute(actions.kt:61)
	at com.intellij.openapi.application.impl.ApplicationImpl.lambda$runWriteAction$16(ApplicationImpl.java:1009)
	at com.intellij.openapi.application.impl.ApplicationImpl.runWriteActionWithClass(ApplicationImpl.java:988)
	at com.intellij.openapi.application.impl.ApplicationImpl.runWriteAction(ApplicationImpl.java:1009)
	at git4idea.ignore.GitIgnoreInStoreDirGenerator$createGitignore$1.invoke(GitIgnoreInStoreDirGenerator.kt:213)
	at git4idea.ignore.GitIgnoreInStoreDirGenerator$createGitignore$1.invoke(GitIgnoreInStoreDirGenerator.kt:55)
	at com.intellij.openapi.application.ActionsKt$invokeAndWaitIfNeeded$$inlined$computeDelegated$lambda$1.run(actions.kt:34)
	at com.intellij.openapi.application.TransactionGuardImpl.runWithWritingAllowed(TransactionGuardImpl.java:216)
	at com.intellij.openapi.application.TransactionGuardImpl.access$200(TransactionGuardImpl.java:24)
	at com.intellij.openapi.application.TransactionGuardImpl$2.run(TransactionGuardImpl.java:199)
	at com.intellij.openapi.application.impl.ApplicationImpl.runIntendedWriteActionOnCurrentThread(ApplicationImpl.java:822)
	at com.intellij.openapi.application.impl.ApplicationImpl.lambda$invokeAndWait$8(ApplicationImpl.java:476)
	at com.intellij.openapi.application.impl.LaterInvocator$1.run(LaterInvocator.java:126)
	at com.intellij.openapi.application.impl.FlushQueue.doRun(FlushQueue.java:85)
	at com.intellij.openapi.application.impl.FlushQueue.runNextEvent(FlushQueue.java:134)
	at com.intellij.openapi.application.impl.FlushQueue.flushNow(FlushQueue.java:47)
	at com.intellij.openapi.application.impl.FlushQueue$FlushNow.run(FlushQueue.java:190)
	at java.desktop/java.awt.event.InvocationEvent.dispatch(InvocationEvent.java:313)
	at java.desktop/java.awt.EventQueue.dispatchEventImpl(EventQueue.java:776)
	at java.desktop/java.awt.EventQueue$4.run(EventQueue.java:727)
	at java.desktop/java.awt.EventQueue$4.run(EventQueue.java:721)
	at java.base/java.security.AccessController.doPrivileged(Native Method)
	at java.base/java.security.ProtectionDomain$JavaSecurityAccessImpl.doIntersectionPrivilege(ProtectionDomain.java:85)
	at java.desktop/java.awt.EventQueue.dispatchEvent(EventQueue.java:746)
	at com.intellij.ide.IdeEventQueue.defaultDispatchEvent(IdeEventQueue.java:976)
	at com.intellij.ide.IdeEventQueue._dispatchEvent(IdeEventQueue.java:843)
	at com.intellij.ide.IdeEventQueue.lambda$dispatchEvent$8(IdeEventQueue.java:454)
	at com.intellij.openapi.progress.impl.CoreProgressManager.computePrioritized(CoreProgressManager.java:773)
	at com.intellij.ide.IdeEventQueue.lambda$dispatchEvent$9(IdeEventQueue.java:453)
	at com.intellij.openapi.application.impl.ApplicationImpl.runIntendedWriteActionOnCurrentThread(ApplicationImpl.java:822)
	at com.intellij.ide.IdeEventQueue.dispatchEvent(IdeEventQueue.java:501)
	at java.desktop/java.awt.EventDispatchThread.pumpOneEventForFilters(EventDispatchThread.java:203)
	at java.desktop/java.awt.EventDispatchThread.pumpEventsForFilter(EventDispatchThread.java:124)
	at java.desktop/java.awt.EventDispatchThread.pumpEventsForHierarchy(EventDispatchThread.java:113)
	at java.desktop/java.awt.EventDispatchThread.pumpEvents(EventDispatchThread.java:109)
	at java.desktop/java.awt.EventDispatchThread.pumpEvents(EventDispatchThread.java:101)
	at java.desktop/java.awt.EventDispatchThread.run(EventDispatchThread.java:90)
2021-04-10 17:08:19,369 [  11210]  ERROR - .history.utils.LocalHistoryLog - GoLand 2020.3.1  Build #GO-203.6682.164 
2021-04-10 17:08:19,369 [  11210]  ERROR - .history.utils.LocalHistoryLog - JDK: 11.0.9.1; VM: OpenJDK 64-Bit Server VM; Vendor: JetBrains s.r.o. 
2021-04-10 17:08:19,369 [  11210]  ERROR - .history.utils.LocalHistoryLog - OS: Mac OS X 
2021-04-10 17:08:19,370 [  11211]  ERROR - .history.utils.LocalHistoryLog - Last Action:  
2021-04-10 17:08:20,834 [  12675]  ERROR - il.indexing.FileBasedIndexImpl - Error while indexing /Users/lx/ayher/learn/myproject/nohup.out
To reindex this file IDEA has to be restarted 
com.intellij.util.indexing.impl.MapReduceIndex$MapInputException: Failed to map data for input 97275 for index TodoIndex
	at com.intellij.util.indexing.impl.MapReduceIndex.mapInputAndPrepareUpdate(MapReduceIndex.java:232)
	at com.intellij.indexing.shared.platform.impl.MergedInvertedIndex.updateBaseIndex(MergedInvertedIndex.java:328)
	at com.intellij.indexing.shared.platform.impl.MergedInvertedIndex.mapInputAndPrepareUpdate(MergedInvertedIndex.java:116)
	at com.intellij.indexing.shared.platform.impl.MergedInvertedIndex.mapInputAndPrepareUpdate(MergedInvertedIndex.java:38)
	at com.intellij.util.indexing.FileBasedIndexImpl.updateSingleIndex(FileBasedIndexImpl.java:1474)
	at com.intellij.util.indexing.FileBasedIndexImpl.lambda$doIndexFileContent$23(FileBasedIndexImpl.java:1356)
	at com.intellij.openapi.fileTypes.impl.FileTypeManagerImpl.freezeFileTypeTemporarilyIn(FileTypeManagerImpl.java:555)
	at com.intellij.util.indexing.FileBasedIndexImpl.doIndexFileContent(FileBasedIndexImpl.java:1326)
	at com.intellij.util.indexing.FileBasedIndexImpl.indexFileContent(FileBasedIndexImpl.java:1253)
	at com.intellij.util.indexing.contentQueue.IndexUpdateRunner.lambda$indexOneFileOfJob$2(IndexUpdateRunner.java:251)
	at com.intellij.openapi.application.impl.NonBlockingReadActionImpl$Submission.insideReadAction(NonBlockingReadActionImpl.java:521)
	at com.intellij.openapi.application.impl.NonBlockingReadActionImpl$Submission.lambda$attemptComputation$3(NonBlockingReadActionImpl.java:468)
	at com.intellij.openapi.application.impl.ApplicationImpl.tryRunReadAction(ApplicationImpl.java:1137)
	at com.intellij.openapi.progress.util.ProgressIndicatorUtils.lambda$runInReadActionWithWriteActionPriority$0(ProgressIndicatorUtils.java:76)
	at com.intellij.openapi.progress.util.ProgressIndicatorUtils.runActionAndCancelBeforeWrite(ProgressIndicatorUtils.java:152)
	at com.intellij.openapi.progress.util.ProgressIndicatorUtils.lambda$runWithWriteActionPriority$1(ProgressIndicatorUtils.java:113)
	at com.intellij.openapi.progress.ProgressManager.lambda$runProcess$0(ProgressManager.java:59)
	at com.intellij.openapi.progress.impl.CoreProgressManager.lambda$runProcess$2(CoreProgressManager.java:178)
	at com.intellij.openapi.progress.impl.CoreProgressManager.registerIndicatorAndRun(CoreProgressManager.java:658)
	at com.intellij.openapi.progress.impl.CoreProgressManager.executeProcessUnderProgress(CoreProgressManager.java:610)
	at com.intellij.openapi.progress.impl.ProgressManagerImpl.executeProcessUnderProgress(ProgressManagerImpl.java:65)
	at com.intellij.openapi.progress.impl.CoreProgressManager.runProcess(CoreProgressManager.java:165)
	at com.intellij.openapi.progress.ProgressManager.runProcess(ProgressManager.java:59)
	at com.intellij.openapi.progress.util.ProgressIndicatorUtils.runWithWriteActionPriority(ProgressIndicatorUtils.java:110)
	at com.intellij.openapi.progress.util.ProgressIndicatorUtils.runInReadActionWithWriteActionPriority(ProgressIndicatorUtils.java:76)
	at com.intellij.openapi.application.impl.NonBlockingReadActionImpl$Submission.attemptComputation(NonBlockingReadActionImpl.java:486)
	at com.intellij.openapi.application.impl.NonBlockingReadActionImpl$Submission.executeSynchronously(NonBlockingReadActionImpl.java:422)
	at com.intellij.openapi.application.impl.NonBlockingReadActionImpl.executeSynchronously(NonBlockingReadActionImpl.java:186)
	at com.intellij.util.indexing.contentQueue.IndexUpdateRunner.indexOneFileOfJob(IndexUpdateRunner.java:254)
	at com.intellij.util.indexing.contentQueue.IndexUpdateRunner.lambda$indexJobsFairly$1(IndexUpdateRunner.java:196)
	at com.intellij.openapi.progress.impl.ProgressSuspender.executeNonSuspendableSection(ProgressSuspender.java:83)
	at com.intellij.util.indexing.contentQueue.IndexUpdateRunner.indexJobsFairly(IndexUpdateRunner.java:199)
	at com.intellij.util.indexing.contentQueue.IndexUpdateRunner.lambda$doIndexFiles$0(IndexUpdateRunner.java:133)
	at com.intellij.util.concurrency.BoundedTaskExecutor.doRun(BoundedTaskExecutor.java:216)
	at com.intellij.util.concurrency.BoundedTaskExecutor.access$200(BoundedTaskExecutor.java:27)
	at com.intellij.util.concurrency.BoundedTaskExecutor$1.execute(BoundedTaskExecutor.java:195)
	at com.intellij.util.ConcurrencyUtil.runUnderThreadName(ConcurrencyUtil.java:208)
	at com.intellij.util.concurrency.BoundedTaskExecutor$1.run(BoundedTaskExecutor.java:184)
	at java.base/java.util.concurrent.ThreadPoolExecutor.runWorker(ThreadPoolExecutor.java:1128)
	at java.base/java.util.concurrent.ThreadPoolExecutor$Worker.run(ThreadPoolExecutor.java:628)
	at java.base/java.util.concurrent.Executors$PrivilegedThreadFactory$1$1.run(Executors.java:668)
	at java.base/java.util.concurrent.Executors$PrivilegedThreadFactory$1$1.run(Executors.java:665)
	at java.base/java.security.AccessController.doPrivileged(Native Method)
	at java.base/java.util.concurrent.Executors$PrivilegedThreadFactory$1.run(Executors.java:665)
	at java.base/java.lang.Thread.run(Thread.java:834)
Caused by: java.lang.RuntimeException: java.io.IOException: java.lang.NullPointerException: Parameter specified as non-null is null: method com.intellij.util.indexing.snapshot.CompositeHashIdDescriptor.isEqual, parameter val1
	at com.intellij.util.indexing.impl.storage.VfsAwareMapReduceIndex.mapInput(VfsAwareMapReduceIndex.java:165)
	at com.intellij.util.indexing.impl.storage.VfsAwareMapReduceIndex.mapInput(VfsAwareMapReduceIndex.java:46)
	at com.intellij.util.indexing.impl.MapReduceIndex.mapInputAndPrepareUpdate(MapReduceIndex.java:226)
	... 44 more
Caused by: java.io.IOException: java.lang.NullPointerException: Parameter specified as non-null is null: method com.intellij.util.indexing.snapshot.CompositeHashIdDescriptor.isEqual, parameter val1
	at com.intellij.util.io.PersistentEnumeratorBase.doEnumerate(PersistentEnumeratorBase.java:321)
	at com.intellij.util.io.PersistentEnumeratorBase.enumerate(PersistentEnumeratorBase.java:335)
	at com.intellij.util.io.PersistentEnumeratorDelegate.enumerate(PersistentEnumeratorDelegate.java:126)
	at com.intellij.util.indexing.snapshot.CompositeHashIdEnumerator.enumerate(CompositeHashIdEnumerator.kt:44)
	at com.intellij.util.indexing.snapshot.SnapshotInputMappings.getHashId(SnapshotInputMappings.java:211)
	at com.intellij.util.indexing.snapshot.SnapshotInputMappings.readData(SnapshotInputMappings.java:101)
	at com.intellij.util.indexing.snapshot.SnapshotInputMappings.readData(SnapshotInputMappings.java:32)
	at com.intellij.util.indexing.impl.storage.VfsAwareMapReduceIndex.mapInput(VfsAwareMapReduceIndex.java:157)
	... 46 more
Caused by: java.lang.NullPointerException: Parameter specified as non-null is null: method com.intellij.util.indexing.snapshot.CompositeHashIdDescriptor.isEqual, parameter val1
	at com.intellij.util.indexing.snapshot.CompositeHashIdDescriptor.isEqual(CompositeHashIdEnumerator.kt)
	at com.intellij.util.indexing.snapshot.CompositeHashIdDescriptor.isEqual(CompositeHashIdEnumerator.kt:56)
	at com.intellij.util.io.PersistentEnumeratorBase.isKeyAtIndex(PersistentEnumeratorBase.java:429)
	at com.intellij.util.io.PersistentBTreeEnumerator.enumerateImpl(PersistentBTreeEnumerator.java:402)
	at com.intellij.util.io.PersistentEnumeratorBase.doEnumerate(PersistentEnumeratorBase.java:311)
	... 53 more
2021-04-10 17:08:20,835 [  12676]  ERROR - il.indexing.FileBasedIndexImpl - GoLand 2020.3.1  Build #GO-203.6682.164 
2021-04-10 17:08:20,835 [  12676]  ERROR - il.indexing.FileBasedIndexImpl - JDK: 11.0.9.1; VM: OpenJDK 64-Bit Server VM; Vendor: JetBrains s.r.o. 
2021-04-10 17:08:20,835 [  12676]  ERROR - il.indexing.FileBasedIndexImpl - OS: Mac OS X 
2021-04-10 17:08:20,836 [  12677]  ERROR - il.indexing.FileBasedIndexImpl - Last Action:  
2021-04-10 17:08:21,585 [  13426]  ERROR - il.indexing.FileBasedIndexImpl - Error while indexing /Users/lx/ayher/learn/myproject/nohup.out
To reindex this file IDEA has to be restarted 
com.intellij.util.indexing.impl.MapReduceIndex$MapInputException: Failed to map data for input 97275 for index TodoIndex
	at com.intellij.util.indexing.impl.MapReduceIndex.mapInputAndPrepareUpdate(MapReduceIndex.java:232)
	at com.intellij.indexing.shared.platform.impl.MergedInvertedIndex.updateBaseIndex(MergedInvertedIndex.java:328)
	at com.intellij.indexing.shared.platform.impl.MergedInvertedIndex.mapInputAndPrepareUpdate(MergedInvertedIndex.java:116)
	at com.intellij.indexing.shared.platform.impl.MergedInvertedIndex.mapInputAndPrepareUpdate(MergedInvertedIndex.java:38)
	at com.intellij.util.indexing.FileBasedIndexImpl.updateSingleIndex(FileBasedIndexImpl.java:1474)
	at com.intellij.util.indexing.FileBasedIndexImpl.lambda$doIndexFileContent$23(FileBasedIndexImpl.java:1356)
	at com.intellij.openapi.fileTypes.impl.FileTypeManagerImpl.freezeFileTypeTemporarilyIn(FileTypeManagerImpl.java:555)
	at com.intellij.util.indexing.FileBasedIndexImpl.doIndexFileContent(FileBasedIndexImpl.java:1326)
	at com.intellij.util.indexing.FileBasedIndexImpl.indexFileContent(FileBasedIndexImpl.java:1253)
	at com.intellij.util.indexing.contentQueue.IndexUpdateRunner.lambda$indexOneFileOfJob$2(IndexUpdateRunner.java:251)
	at com.intellij.openapi.application.impl.NonBlockingReadActionImpl$Submission.insideReadAction(NonBlockingReadActionImpl.java:521)
	at com.intellij.openapi.application.impl.NonBlockingReadActionImpl$Submission.lambda$attemptComputation$3(NonBlockingReadActionImpl.java:468)
	at com.intellij.openapi.application.impl.ApplicationImpl.tryRunReadAction(ApplicationImpl.java:1137)
	at com.intellij.openapi.progress.util.ProgressIndicatorUtils.lambda$runInReadActionWithWriteActionPriority$0(ProgressIndicatorUtils.java:76)
	at com.intellij.openapi.progress.util.ProgressIndicatorUtils.runActionAndCancelBeforeWrite(ProgressIndicatorUtils.java:152)
	at com.intellij.openapi.progress.util.ProgressIndicatorUtils.lambda$runWithWriteActionPriority$1(ProgressIndicatorUtils.java:113)
	at com.intellij.openapi.progress.ProgressManager.lambda$runProcess$0(ProgressManager.java:59)
	at com.intellij.openapi.progress.impl.CoreProgressManager.lambda$runProcess$2(CoreProgressManager.java:178)
	at com.intellij.openapi.progress.impl.CoreProgressManager.registerIndicatorAndRun(CoreProgressManager.java:658)
	at com.intellij.openapi.progress.impl.CoreProgressManager.executeProcessUnderProgress(CoreProgressManager.java:610)
	at com.intellij.openapi.progress.impl.ProgressManagerImpl.executeProcessUnderProgress(ProgressManagerImpl.java:65)
	at com.intellij.openapi.progress.impl.CoreProgressManager.runProcess(CoreProgressManager.java:165)
	at com.intellij.openapi.progress.ProgressManager.runProcess(ProgressManager.java:59)
	at com.intellij.openapi.progress.util.ProgressIndicatorUtils.runWithWriteActionPriority(ProgressIndicatorUtils.java:110)
	at com.intellij.openapi.progress.util.ProgressIndicatorUtils.runInReadActionWithWriteActionPriority(ProgressIndicatorUtils.java:76)
	at com.intellij.openapi.application.impl.NonBlockingReadActionImpl$Submission.attemptComputation(NonBlockingReadActionImpl.java:486)
	at com.intellij.openapi.application.impl.NonBlockingReadActionImpl$Submission.executeSynchronously(NonBlockingReadActionImpl.java:422)
	at com.intellij.openapi.application.impl.NonBlockingReadActionImpl.executeSynchronously(NonBlockingReadActionImpl.java:186)
	at com.intellij.util.indexing.contentQueue.IndexUpdateRunner.indexOneFileOfJob(IndexUpdateRunner.java:254)
	at com.intellij.util.indexing.contentQueue.IndexUpdateRunner.lambda$indexJobsFairly$1(IndexUpdateRunner.java:196)
	at com.intellij.openapi.progress.impl.ProgressSuspender.executeNonSuspendableSection(ProgressSuspender.java:83)
	at com.intellij.util.indexing.contentQueue.IndexUpdateRunner.indexJobsFairly(IndexUpdateRunner.java:199)
	at com.intellij.util.indexing.contentQueue.IndexUpdateRunner.lambda$doIndexFiles$0(IndexUpdateRunner.java:133)
	at com.intellij.util.concurrency.BoundedTaskExecutor.doRun(BoundedTaskExecutor.java:216)
	at com.intellij.util.concurrency.BoundedTaskExecutor.access$200(BoundedTaskExecutor.java:27)
	at com.intellij.util.concurrency.BoundedTaskExecutor$1.execute(BoundedTaskExecutor.java:195)
	at com.intellij.util.ConcurrencyUtil.runUnderThreadName(ConcurrencyUtil.java:208)
	at com.intellij.util.concurrency.BoundedTaskExecutor$1.run(BoundedTaskExecutor.java:184)
	at java.base/java.util.concurrent.ThreadPoolExecutor.runWorker(ThreadPoolExecutor.java:1128)
	at java.base/java.util.concurrent.ThreadPoolExecutor$Worker.run(ThreadPoolExecutor.java:628)
	at java.base/java.util.concurrent.Executors$PrivilegedThreadFactory$1$1.run(Executors.java:668)
	at java.base/java.util.concurrent.Executors$PrivilegedThreadFactory$1$1.run(Executors.java:665)
	at java.base/java.security.AccessController.doPrivileged(Native Method)
	at java.base/java.util.concurrent.Executors$PrivilegedThreadFactory$1.run(Executors.java:665)
	at java.base/java.lang.Thread.run(Thread.java:834)
Caused by: java.lang.RuntimeException: java.io.IOException: java.lang.NullPointerException: Parameter specified as non-null is null: method com.intellij.util.indexing.snapshot.CompositeHashIdDescriptor.isEqual, parameter val1
	at com.intellij.util.indexing.impl.storage.VfsAwareMapReduceIndex.mapInput(VfsAwareMapReduceIndex.java:165)
	at com.intellij.util.indexing.impl.storage.VfsAwareMapReduceIndex.mapInput(VfsAwareMapReduceIndex.java:46)
	at com.intellij.util.indexing.impl.MapReduceIndex.mapInputAndPrepareUpdate(MapReduceIndex.java:226)
	... 44 more
Caused by: java.io.IOException: java.lang.NullPointerException: Parameter specified as non-null is null: method com.intellij.util.indexing.snapshot.CompositeHashIdDescriptor.isEqual, parameter val1
	at com.intellij.util.io.PersistentEnumeratorBase.doEnumerate(PersistentEnumeratorBase.java:321)
	at com.intellij.util.io.PersistentEnumeratorBase.enumerate(PersistentEnumeratorBase.java:335)
	at com.intellij.util.io.PersistentEnumeratorDelegate.enumerate(PersistentEnumeratorDelegate.java:126)
	at com.intellij.util.indexing.snapshot.CompositeHashIdEnumerator.enumerate(CompositeHashIdEnumerator.kt:44)
	at com.intellij.util.indexing.snapshot.SnapshotInputMappings.getHashId(SnapshotInputMappings.java:211)
	at com.intellij.util.indexing.snapshot.SnapshotInputMappings.readData(SnapshotInputMappings.java:101)
	at com.intellij.util.indexing.snapshot.SnapshotInputMappings.readData(SnapshotInputMappings.java:32)
	at com.intellij.util.indexing.impl.storage.VfsAwareMapReduceIndex.mapInput(VfsAwareMapReduceIndex.java:157)
	... 46 more
Caused by: java.lang.NullPointerException: Parameter specified as non-null is null: method com.intellij.util.indexing.snapshot.CompositeHashIdDescriptor.isEqual, parameter val1
	at com.intellij.util.indexing.snapshot.CompositeHashIdDescriptor.isEqual(CompositeHashIdEnumerator.kt)
	at com.intellij.util.indexing.snapshot.CompositeHashIdDescriptor.isEqual(CompositeHashIdEnumerator.kt:56)
	at com.intellij.util.io.PersistentEnumeratorBase.isKeyAtIndex(PersistentEnumeratorBase.java:429)
	at com.intellij.util.io.PersistentBTreeEnumerator.enumerateImpl(PersistentBTreeEnumerator.java:402)
	at com.intellij.util.io.PersistentEnumeratorBase.doEnumerate(PersistentEnumeratorBase.java:311)
	... 53 more
2021-04-10 17:08:21,585 [  13426]  ERROR - il.indexing.FileBasedIndexImpl - GoLand 2020.3.1  Build #GO-203.6682.164 
2021-04-10 17:08:21,586 [  13427]  ERROR - il.indexing.FileBasedIndexImpl - JDK: 11.0.9.1; VM: OpenJDK 64-Bit Server VM; Vendor: JetBrains s.r.o. 
2021-04-10 17:08:21,586 [  13427]  ERROR - il.indexing.FileBasedIndexImpl - OS: Mac OS X 
2021-04-10 17:08:21,586 [  13427]  ERROR - il.indexing.FileBasedIndexImpl - Last Action:  
2021-04-10 17:08:57,629 [  49470]  ERROR - rains.concurrency.AsyncPromise - Failed to map data for input 97275 for index TodoIndex 
com.intellij.util.indexing.impl.MapReduceIndex$MapInputException: Failed to map data for input 97275 for index TodoIndex
	at com.intellij.util.indexing.impl.MapReduceIndex.mapInputAndPrepareUpdate(MapReduceIndex.java:232)
	at com.intellij.indexing.shared.platform.impl.MergedInvertedIndex.updateBaseIndex(MergedInvertedIndex.java:328)
	at com.intellij.indexing.shared.platform.impl.MergedInvertedIndex.mapInputAndPrepareUpdate(MergedInvertedIndex.java:116)
	at com.intellij.indexing.shared.platform.impl.MergedInvertedIndex.mapInputAndPrepareUpdate(MergedInvertedIndex.java:38)
	at com.intellij.util.indexing.FileBasedIndexImpl.updateSingleIndex(FileBasedIndexImpl.java:1474)
	at com.intellij.util.indexing.FileBasedIndexImpl.lambda$doIndexFileContent$23(FileBasedIndexImpl.java:1356)
	at com.intellij.openapi.fileTypes.impl.FileTypeManagerImpl.freezeFileTypeTemporarilyIn(FileTypeManagerImpl.java:555)
	at com.intellij.util.indexing.FileBasedIndexImpl.doIndexFileContent(FileBasedIndexImpl.java:1326)
	at com.intellij.util.indexing.FileBasedIndexImpl.indexFileContent(FileBasedIndexImpl.java:1253)
	at com.intellij.util.indexing.FileBasedIndexImpl.processRefreshedFile(FileBasedIndexImpl.java:1212)
	at com.intellij.util.indexing.FileBasedIndexImpl$VirtualFileUpdateTask.doProcess(FileBasedIndexImpl.java:1544)
	at com.intellij.util.indexing.FileBasedIndexImpl$VirtualFileUpdateTask.doProcess(FileBasedIndexImpl.java:1541)
	at com.intellij.util.indexing.UpdateTask.process(UpdateTask.java:64)
	at com.intellij.util.indexing.UpdateTask.processAll(UpdateTask.java:33)
	at com.intellij.util.indexing.FileBasedIndexImpl.forceUpdate(FileBasedIndexImpl.java:1563)
	at com.intellij.util.indexing.FileBasedIndexImpl.ensureUpToDate(FileBasedIndexImpl.java:723)
	at com.intellij.util.indexing.FileBasedIndexEx.processExceptions(FileBasedIndexEx.java:230)
	at com.intellij.util.indexing.FileBasedIndexEx.getFileData(FileBasedIndexEx.java:161)
	at com.intellij.util.indexing.FileBasedIndexImpl.getFileData(FileBasedIndexImpl.java:1047)
	at com.jetbrains.jsonSchema.impl.JsonSchemaFileValuesIndex.getCachedValue(JsonSchemaFileValuesIndex.java:83)
	at com.jetbrains.jsonSchema.impl.JsonCachedValues.getSchemaUrlFromSchemaProperty(JsonCachedValues.java:52)
	at com.jetbrains.jsonSchema.impl.JsonSchemaServiceImpl.getSchemasForFile(JsonSchemaServiceImpl.java:171)
	at com.jetbrains.jsonSchema.impl.JsonSchemaServiceImpl.getSchemaFilesForFile(JsonSchemaServiceImpl.java:163)
	at org.jetbrains.plugins.github.extensions.GithubYamlIconProvider.getIcon(GithubYamlIconProvider.kt:24)
	at com.intellij.util.PsiIconUtil.getProvidersIcon(PsiIconUtil.java:17)
	at com.intellij.ide.FileIconPatcherImpl.getIcon(FileIconPatcherImpl.java:37)
	at com.intellij.util.IconUtil.getProvidersIcon(IconUtil.java:221)
	at com.intellij.util.IconUtil.computeFileIcon(IconUtil.java:154)
	at com.intellij.openapi.fileEditor.impl.EditorsSplitters.lambda$updateFileIconAsynchronously$5(EditorsSplitters.java:400)
	at com.intellij.openapi.application.impl.NonBlockingReadActionImpl$Submission.insideReadAction(NonBlockingReadActionImpl.java:521)
	at com.intellij.openapi.application.impl.NonBlockingReadActionImpl$Submission.lambda$attemptComputation$3(NonBlockingReadActionImpl.java:468)
	at com.intellij.openapi.application.impl.ApplicationImpl.tryRunReadAction(ApplicationImpl.java:1137)
	at com.intellij.openapi.progress.util.ProgressIndicatorUtils.lambda$runInReadActionWithWriteActionPriority$0(ProgressIndicatorUtils.java:76)
	at com.intellij.openapi.progress.util.ProgressIndicatorUtils.runActionAndCancelBeforeWrite(ProgressIndicatorUtils.java:152)
	at com.intellij.openapi.progress.util.ProgressIndicatorUtils.lambda$runWithWriteActionPriority$1(ProgressIndicatorUtils.java:113)
	at com.intellij.openapi.progress.ProgressManager.lambda$runProcess$0(ProgressManager.java:59)
	at com.intellij.openapi.progress.impl.CoreProgressManager.lambda$runProcess$2(CoreProgressManager.java:178)
	at com.intellij.openapi.progress.impl.CoreProgressManager.registerIndicatorAndRun(CoreProgressManager.java:658)
	at com.intellij.openapi.progress.impl.CoreProgressManager.executeProcessUnderProgress(CoreProgressManager.java:610)
	at com.intellij.openapi.progress.impl.ProgressManagerImpl.executeProcessUnderProgress(ProgressManagerImpl.java:65)
	at com.intellij.openapi.progress.impl.CoreProgressManager.runProcess(CoreProgressManager.java:165)
	at com.intellij.openapi.progress.ProgressManager.runProcess(ProgressManager.java:59)
	at com.intellij.openapi.progress.util.ProgressIndicatorUtils.runWithWriteActionPriority(ProgressIndicatorUtils.java:110)
	at com.intellij.openapi.progress.util.ProgressIndicatorUtils.runInReadActionWithWriteActionPriority(ProgressIndicatorUtils.java:76)
	at com.intellij.openapi.application.impl.NonBlockingReadActionImpl$Submission.attemptComputation(NonBlockingReadActionImpl.java:486)
	at com.intellij.openapi.application.impl.NonBlockingReadActionImpl$Submission.lambda$transferToBgThread$1(NonBlockingReadActionImpl.java:408)
	at com.intellij.util.concurrency.BoundedTaskExecutor.doRun(BoundedTaskExecutor.java:216)
	at com.intellij.util.concurrency.BoundedTaskExecutor.access$200(BoundedTaskExecutor.java:27)
	at com.intellij.util.concurrency.BoundedTaskExecutor$1.execute(BoundedTaskExecutor.java:195)
	at com.intellij.util.concurrency.BoundedTaskExecutor$1.run(BoundedTaskExecutor.java:187)
	at java.base/java.util.concurrent.ThreadPoolExecutor.runWorker(ThreadPoolExecutor.java:1128)
	at java.base/java.util.concurrent.ThreadPoolExecutor$Worker.run(ThreadPoolExecutor.java:628)
	at java.base/java.util.concurrent.Executors$PrivilegedThreadFactory$1$1.run(Executors.java:668)
	at java.base/java.util.concurrent.Executors$PrivilegedThreadFactory$1$1.run(Executors.java:665)
	at java.base/java.security.AccessController.doPrivileged(Native Method)
	at java.base/java.util.concurrent.Executors$PrivilegedThreadFactory$1.run(Executors.java:665)
	at java.base/java.lang.Thread.run(Thread.java:834)
Caused by: java.lang.RuntimeException: java.io.EOFException
	at com.intellij.util.indexing.impl.storage.VfsAwareMapReduceIndex.mapInput(VfsAwareMapReduceIndex.java:165)
	at com.intellij.util.indexing.impl.storage.VfsAwareMapReduceIndex.mapInput(VfsAwareMapReduceIndex.java:46)
	at com.intellij.util.indexing.impl.MapReduceIndex.mapInputAndPrepareUpdate(MapReduceIndex.java:226)
	... 56 more
Caused by: java.io.EOFException
	at java.base/java.io.DataInputStream.readUnsignedByte(DataInputStream.java:295)
	at com.intellij.openapi.util.io.DataInputOutputUtilRt.readINT(DataInputOutputUtilRt.java:16)
	at com.intellij.util.io.DataInputOutputUtil.readINT(DataInputOutputUtil.java:23)
	at com.intellij.util.io.PersistentHashMapValueStorage.readChunkSize(PersistentHashMapValueStorage.java:649)
	at com.intellij.util.io.PersistentHashMapValueStorage.readBytes(PersistentHashMapValueStorage.java:550)
	at com.intellij.util.io.PersistentHashMap.doGet(PersistentHashMap.java:655)
	at com.intellij.util.io.PersistentHashMap.get(PersistentHashMap.java:602)
	at com.intellij.util.indexing.impl.forward.PersistentMapBasedForwardIndex.get(PersistentMapBasedForwardIndex.java:37)
	at com.intellij.util.indexing.snapshot.SnapshotInputMappings.readContents(SnapshotInputMappings.java:292)
	at com.intellij.util.indexing.snapshot.SnapshotInputMappings.doReadData(SnapshotInputMappings.java:134)
	at com.intellij.util.indexing.snapshot.SnapshotInputMappings.readData(SnapshotInputMappings.java:103)
	at com.intellij.util.indexing.snapshot.SnapshotInputMappings.readData(SnapshotInputMappings.java:32)
	at com.intellij.util.indexing.impl.storage.VfsAwareMapReduceIndex.mapInput(VfsAwareMapReduceIndex.java:157)
	... 58 more
2021-04-10 17:08:57,631 [  49472]  ERROR - rains.concurrency.AsyncPromise - GoLand 2020.3.1  Build #GO-203.6682.164 
2021-04-10 17:08:57,631 [  49472]  ERROR - rains.concurrency.AsyncPromise - JDK: 11.0.9.1; VM: OpenJDK 64-Bit Server VM; Vendor: JetBrains s.r.o. 
2021-04-10 17:08:57,631 [  49472]  ERROR - rains.concurrency.AsyncPromise - OS: Mac OS X 
2021-04-10 17:08:57,633 [  49474]  ERROR - rains.concurrency.AsyncPromise - Last Action: SaveAll 
2021-04-10 17:08:57,737 [  49578]  ERROR - m.intellij.util.ExecutorsQuery - Failed to map data for input 97275 for index TodoIndex 
com.intellij.util.indexing.impl.MapReduceIndex$MapInputException: Failed to map data for input 97275 for index TodoIndex
	at com.intellij.util.indexing.impl.MapReduceIndex.mapInputAndPrepareUpdate(MapReduceIndex.java:232)
	at com.intellij.indexing.shared.platform.impl.MergedInvertedIndex.updateBaseIndex(MergedInvertedIndex.java:328)
	at com.intellij.indexing.shared.platform.impl.MergedInvertedIndex.mapInputAndPrepareUpdate(MergedInvertedIndex.java:116)
	at com.intellij.indexing.shared.platform.impl.MergedInvertedIndex.mapInputAndPrepareUpdate(MergedInvertedIndex.java:38)
	at com.intellij.util.indexing.FileBasedIndexImpl.updateSingleIndex(FileBasedIndexImpl.java:1474)
	at com.intellij.util.indexing.FileBasedIndexImpl.lambda$doIndexFileContent$23(FileBasedIndexImpl.java:1356)
	at com.intellij.openapi.fileTypes.impl.FileTypeManagerImpl.freezeFileTypeTemporarilyIn(FileTypeManagerImpl.java:555)
	at com.intellij.util.indexing.FileBasedIndexImpl.doIndexFileContent(FileBasedIndexImpl.java:1326)
	at com.intellij.util.indexing.FileBasedIndexImpl.indexFileContent(FileBasedIndexImpl.java:1253)
	at com.intellij.util.indexing.FileBasedIndexImpl.processRefreshedFile(FileBasedIndexImpl.java:1212)
	at com.intellij.util.indexing.FileBasedIndexImpl$VirtualFileUpdateTask.doProcess(FileBasedIndexImpl.java:1544)
	at com.intellij.util.indexing.FileBasedIndexImpl$VirtualFileUpdateTask.doProcess(FileBasedIndexImpl.java:1541)
	at com.intellij.util.indexing.UpdateTask.process(UpdateTask.java:64)
	at com.intellij.util.indexing.UpdateTask.processAll(UpdateTask.java:33)
	at com.intellij.util.indexing.FileBasedIndexImpl.forceUpdate(FileBasedIndexImpl.java:1563)
	at com.intellij.util.indexing.FileBasedIndexImpl.ensureUpToDate(FileBasedIndexImpl.java:723)
	at com.intellij.util.indexing.FileBasedIndexEx.processExceptions(FileBasedIndexEx.java:230)
	at com.intellij.util.indexing.FileBasedIndexEx.getFileData(FileBasedIndexEx.java:161)
	at com.intellij.util.indexing.FileBasedIndexImpl.getFileData(FileBasedIndexImpl.java:1047)
	at com.intellij.psi.impl.cache.impl.IndexTodoCacheManagerImpl.lambda$fetchTodoCountFromIndex$2(IndexTodoCacheManagerImpl.java:114)
	at com.intellij.util.indexing.FileBasedIndex.lambda$ignoreDumbMode$0(FileBasedIndex.java:179)
	at com.intellij.openapi.util.RecursionManager$1.computePreventingRecursion(RecursionManager.java:111)
	at com.intellij.util.indexing.FileBasedIndexEx.ignoreDumbMode(FileBasedIndexEx.java:543)
	at com.intellij.util.indexing.FileBasedIndex.ignoreDumbMode(FileBasedIndex.java:178)
	at com.intellij.psi.impl.cache.impl.IndexTodoCacheManagerImpl.fetchTodoCountFromIndex(IndexTodoCacheManagerImpl.java:113)
	at com.intellij.psi.impl.cache.impl.IndexTodoCacheManagerImpl.getTodoCountImpl(IndexTodoCacheManagerImpl.java:93)
	at com.intellij.psi.impl.cache.impl.IndexTodoCacheManagerImpl.getTodoCount(IndexTodoCacheManagerImpl.java:68)
	at com.intellij.psi.impl.search.IndexPatternSearcher.processQuery(IndexPatternSearcher.java:60)
	at com.intellij.psi.impl.search.IndexPatternSearcher.processQuery(IndexPatternSearcher.java:41)
	at com.intellij.openapi.application.QueryExecutorBase.execute(QueryExecutorBase.java:77)
	at com.intellij.util.ExecutorsQuery.processResults(ExecutorsQuery.java:28)
	at com.intellij.util.AbstractQuery.doProcessResults(AbstractQuery.java:99)
	at com.intellij.util.AbstractQuery.forEach(AbstractQuery.java:91)
	at com.intellij.util.AbstractQuery.findAll(AbstractQuery.java:28)
	at com.intellij.psi.impl.search.PsiTodoSearchHelperImpl.findTodoItems(PsiTodoSearchHelperImpl.java:51)
	at com.intellij.codeInsight.daemon.impl.GeneralHighlightingPass.highlightTodos(GeneralHighlightingPass.java:498)
	at com.intellij.codeInsight.daemon.impl.GeneralHighlightingPass.collectInformationWithProgress(GeneralHighlightingPass.java:207)
	at com.intellij.codeInsight.daemon.impl.ProgressableTextEditorHighlightingPass.doCollectInformation(ProgressableTextEditorHighlightingPass.java:84)
	at com.intellij.codeHighlighting.TextEditorHighlightingPass.collectInformation(TextEditorHighlightingPass.java:56)
	at com.intellij.codeInsight.daemon.impl.PassExecutorService$ScheduledPass.lambda$doRun$1(PassExecutorService.java:400)
	at com.intellij.openapi.application.impl.ApplicationImpl.tryRunReadAction(ApplicationImpl.java:1137)
	at com.intellij.codeInsight.daemon.impl.PassExecutorService$ScheduledPass.lambda$doRun$2(PassExecutorService.java:393)
	at com.intellij.openapi.progress.impl.CoreProgressManager.registerIndicatorAndRun(CoreProgressManager.java:658)
	at com.intellij.openapi.progress.impl.CoreProgressManager.executeProcessUnderProgress(CoreProgressManager.java:610)
	at com.intellij.openapi.progress.impl.ProgressManagerImpl.executeProcessUnderProgress(ProgressManagerImpl.java:65)
	at com.intellij.codeInsight.daemon.impl.PassExecutorService$ScheduledPass.doRun(PassExecutorService.java:392)
	at com.intellij.codeInsight.daemon.impl.PassExecutorService$ScheduledPass.lambda$run$0(PassExecutorService.java:368)
	at com.intellij.openapi.application.impl.ReadMostlyRWLock.executeByImpatientReader(ReadMostlyRWLock.java:172)
	at com.intellij.openapi.application.impl.ApplicationImpl.executeByImpatientReader(ApplicationImpl.java:183)
	at com.intellij.codeInsight.daemon.impl.PassExecutorService$ScheduledPass.run(PassExecutorService.java:366)
	at com.intellij.concurrency.JobLauncherImpl$VoidForkJoinTask$1.exec(JobLauncherImpl.java:188)
	at java.base/java.util.concurrent.ForkJoinTask.doExec(ForkJoinTask.java:290)
	at java.base/java.util.concurrent.ForkJoinPool$WorkQueue.topLevelExec(ForkJoinPool.java:1020)
	at java.base/java.util.concurrent.ForkJoinPool.scan(ForkJoinPool.java:1656)
	at java.base/java.util.concurrent.ForkJoinPool.runWorker(ForkJoinPool.java:1594)
	at java.base/java.util.concurrent.ForkJoinWorkerThread.run(ForkJoinWorkerThread.java:183)
Caused by: java.lang.RuntimeException: java.io.EOFException
	at com.intellij.util.indexing.impl.storage.VfsAwareMapReduceIndex.mapInput(VfsAwareMapReduceIndex.java:165)
	at com.intellij.util.indexing.impl.storage.VfsAwareMapReduceIndex.mapInput(VfsAwareMapReduceIndex.java:46)
	at com.intellij.util.indexing.impl.MapReduceIndex.mapInputAndPrepareUpdate(MapReduceIndex.java:226)
	... 55 more
Caused by: java.io.EOFException
	at java.base/java.io.DataInputStream.readUnsignedByte(DataInputStream.java:295)
	at com.intellij.openapi.util.io.DataInputOutputUtilRt.readINT(DataInputOutputUtilRt.java:16)
	at com.intellij.util.io.DataInputOutputUtil.readINT(DataInputOutputUtil.java:23)
	at com.intellij.util.io.PersistentHashMapValueStorage.readChunkSize(PersistentHashMapValueStorage.java:649)
	at com.intellij.util.io.PersistentHashMapValueStorage.readBytes(PersistentHashMapValueStorage.java:550)
	at com.intellij.util.io.PersistentHashMap.doGet(PersistentHashMap.java:655)
	at com.intellij.util.io.PersistentHashMap.get(PersistentHashMap.java:602)
	at com.intellij.util.indexing.impl.forward.PersistentMapBasedForwardIndex.get(PersistentMapBasedForwardIndex.java:37)
	at com.intellij.util.indexing.snapshot.SnapshotInputMappings.readContents(SnapshotInputMappings.java:292)
	at com.intellij.util.indexing.snapshot.SnapshotInputMappings.doReadData(SnapshotInputMappings.java:134)
	at com.intellij.util.indexing.snapshot.SnapshotInputMappings.readData(SnapshotInputMappings.java:103)
	at com.intellij.util.indexing.snapshot.SnapshotInputMappings.readData(SnapshotInputMappings.java:32)
	at com.intellij.util.indexing.impl.storage.VfsAwareMapReduceIndex.mapInput(VfsAwareMapReduceIndex.java:157)
	... 57 more
2021-04-10 17:08:57,738 [  49579]  ERROR - m.intellij.util.ExecutorsQuery - GoLand 2020.3.1  Build #GO-203.6682.164 
2021-04-10 17:08:57,738 [  49579]  ERROR - m.intellij.util.ExecutorsQuery - JDK: 11.0.9.1; VM: OpenJDK 64-Bit Server VM; Vendor: JetBrains s.r.o. 
2021-04-10 17:08:57,738 [  49579]  ERROR - m.intellij.util.ExecutorsQuery - OS: Mac OS X 
2021-04-10 17:08:57,739 [  49580]  ERROR - m.intellij.util.ExecutorsQuery - Last Action: SaveAll 
2021-04-10 17:09:06,124 [  57965]  ERROR - rains.concurrency.AsyncPromise - Failed to map data for input 97275 for index IdIndex 
com.intellij.util.indexing.impl.MapReduceIndex$MapInputException: Failed to map data for input 97275 for index IdIndex
	at com.intellij.util.indexing.impl.MapReduceIndex.mapInputAndPrepareUpdate(MapReduceIndex.java:232)
	at com.intellij.indexing.shared.platform.impl.MergedInvertedIndex.updateBaseIndex(MergedInvertedIndex.java:328)
	at com.intellij.indexing.shared.platform.impl.MergedInvertedIndex.mapInputAndPrepareUpdate(MergedInvertedIndex.java:116)
	at com.intellij.indexing.shared.platform.impl.MergedInvertedIndex.mapInputAndPrepareUpdate(MergedInvertedIndex.java:38)
	at com.intellij.util.indexing.FileBasedIndexImpl.updateSingleIndex(FileBasedIndexImpl.java:1474)
	at com.intellij.util.indexing.FileBasedIndexImpl.lambda$doIndexFileContent$23(FileBasedIndexImpl.java:1356)
	at com.intellij.openapi.fileTypes.impl.FileTypeManagerImpl.freezeFileTypeTemporarilyIn(FileTypeManagerImpl.java:555)
	at com.intellij.util.indexing.FileBasedIndexImpl.doIndexFileContent(FileBasedIndexImpl.java:1326)
	at com.intellij.util.indexing.FileBasedIndexImpl.indexFileContent(FileBasedIndexImpl.java:1253)
	at com.intellij.util.indexing.FileBasedIndexImpl.processRefreshedFile(FileBasedIndexImpl.java:1212)
	at com.intellij.util.indexing.FileBasedIndexImpl$VirtualFileUpdateTask.doProcess(FileBasedIndexImpl.java:1544)
	at com.intellij.util.indexing.FileBasedIndexImpl$VirtualFileUpdateTask.doProcess(FileBasedIndexImpl.java:1541)
	at com.intellij.util.indexing.UpdateTask.process(UpdateTask.java:64)
	at com.intellij.util.indexing.UpdateTask.processAll(UpdateTask.java:33)
	at com.intellij.util.indexing.FileBasedIndexImpl.forceUpdate(FileBasedIndexImpl.java:1563)
	at com.intellij.util.indexing.FileBasedIndexImpl.ensureUpToDate(FileBasedIndexImpl.java:723)
	at com.intellij.util.indexing.FileBasedIndexEx.processExceptions(FileBasedIndexEx.java:230)
	at com.intellij.util.indexing.FileBasedIndexEx.getFileData(FileBasedIndexEx.java:161)
	at com.intellij.util.indexing.FileBasedIndexImpl.getFileData(FileBasedIndexImpl.java:1047)
	at com.jetbrains.jsonSchema.impl.JsonSchemaFileValuesIndex.getCachedValue(JsonSchemaFileValuesIndex.java:83)
	at com.jetbrains.jsonSchema.impl.JsonCachedValues.getSchemaUrlFromSchemaProperty(JsonCachedValues.java:52)
	at com.jetbrains.jsonSchema.impl.JsonSchemaServiceImpl.getSchemasForFile(JsonSchemaServiceImpl.java:171)
	at com.jetbrains.jsonSchema.impl.JsonSchemaServiceImpl.getSchemaFilesForFile(JsonSchemaServiceImpl.java:163)
	at org.jetbrains.plugins.github.extensions.GithubYamlIconProvider.getIcon(GithubYamlIconProvider.kt:24)
	at com.intellij.util.PsiIconUtil.getProvidersIcon(PsiIconUtil.java:17)
	at com.intellij.ide.FileIconPatcherImpl.getIcon(FileIconPatcherImpl.java:37)
	at com.intellij.util.IconUtil.getProvidersIcon(IconUtil.java:221)
	at com.intellij.util.IconUtil.computeFileIcon(IconUtil.java:154)
	at com.intellij.openapi.fileEditor.impl.EditorsSplitters.lambda$updateFileIconAsynchronously$5(EditorsSplitters.java:400)
	at com.intellij.openapi.application.impl.NonBlockingReadActionImpl$Submission.insideReadAction(NonBlockingReadActionImpl.java:521)
	at com.intellij.openapi.application.impl.NonBlockingReadActionImpl$Submission.lambda$attemptComputation$3(NonBlockingReadActionImpl.java:468)
	at com.intellij.openapi.application.impl.ApplicationImpl.tryRunReadAction(ApplicationImpl.java:1137)
	at com.intellij.openapi.progress.util.ProgressIndicatorUtils.lambda$runInReadActionWithWriteActionPriority$0(ProgressIndicatorUtils.java:76)
	at com.intellij.openapi.progress.util.ProgressIndicatorUtils.runActionAndCancelBeforeWrite(ProgressIndicatorUtils.java:152)
	at com.intellij.openapi.progress.util.ProgressIndicatorUtils.lambda$runWithWriteActionPriority$1(ProgressIndicatorUtils.java:113)
	at com.intellij.openapi.progress.ProgressManager.lambda$runProcess$0(ProgressManager.java:59)
	at com.intellij.openapi.progress.impl.CoreProgressManager.lambda$runProcess$2(CoreProgressManager.java:178)
	at com.intellij.openapi.progress.impl.CoreProgressManager.registerIndicatorAndRun(CoreProgressManager.java:658)
	at com.intellij.openapi.progress.impl.CoreProgressManager.executeProcessUnderProgress(CoreProgressManager.java:610)
	at com.intellij.openapi.progress.impl.ProgressManagerImpl.executeProcessUnderProgress(ProgressManagerImpl.java:65)
	at com.intellij.openapi.progress.impl.CoreProgressManager.runProcess(CoreProgressManager.java:165)
	at com.intellij.openapi.progress.ProgressManager.runProcess(ProgressManager.java:59)
	at com.intellij.openapi.progress.util.ProgressIndicatorUtils.runWithWriteActionPriority(ProgressIndicatorUtils.java:110)
	at com.intellij.openapi.progress.util.ProgressIndicatorUtils.runInReadActionWithWriteActionPriority(ProgressIndicatorUtils.java:76)
	at com.intellij.openapi.application.impl.NonBlockingReadActionImpl$Submission.attemptComputation(NonBlockingReadActionImpl.java:486)
	at com.intellij.openapi.application.impl.NonBlockingReadActionImpl$Submission.lambda$transferToBgThread$1(NonBlockingReadActionImpl.java:408)
	at com.intellij.util.concurrency.BoundedTaskExecutor.doRun(BoundedTaskExecutor.java:216)
	at com.intellij.util.concurrency.BoundedTaskExecutor.access$200(BoundedTaskExecutor.java:27)
	at com.intellij.util.concurrency.BoundedTaskExecutor$1.execute(BoundedTaskExecutor.java:195)
	at com.intellij.util.concurrency.BoundedTaskExecutor$1.run(BoundedTaskExecutor.java:187)
	at java.base/java.util.concurrent.ThreadPoolExecutor.runWorker(ThreadPoolExecutor.java:1128)
	at java.base/java.util.concurrent.ThreadPoolExecutor$Worker.run(ThreadPoolExecutor.java:628)
	at java.base/java.util.concurrent.Executors$PrivilegedThreadFactory$1$1.run(Executors.java:668)
	at java.base/java.util.concurrent.Executors$PrivilegedThreadFactory$1$1.run(Executors.java:665)
	at java.base/java.security.AccessController.doPrivileged(Native Method)
	at java.base/java.util.concurrent.Executors$PrivilegedThreadFactory$1.run(Executors.java:665)
	at java.base/java.lang.Thread.run(Thread.java:834)
Caused by: java.lang.RuntimeException: java.io.EOFException
	at com.intellij.util.indexing.impl.storage.VfsAwareMapReduceIndex.mapInput(VfsAwareMapReduceIndex.java:165)
	at com.intellij.util.indexing.impl.storage.VfsAwareMapReduceIndex.mapInput(VfsAwareMapReduceIndex.java:46)
	at com.intellij.util.indexing.impl.MapReduceIndex.mapInputAndPrepareUpdate(MapReduceIndex.java:226)
	... 56 more
Caused by: java.io.EOFException
	at java.base/java.io.DataInputStream.readUnsignedByte(DataInputStream.java:295)
	at com.intellij.openapi.util.io.DataInputOutputUtilRt.readINT(DataInputOutputUtilRt.java:16)
	at com.intellij.util.io.DataInputOutputUtil.readINT(DataInputOutputUtil.java:23)
	at com.intellij.util.io.PersistentHashMapValueStorage.readChunkSize(PersistentHashMapValueStorage.java:649)
	at com.intellij.util.io.PersistentHashMapValueStorage.readBytes(PersistentHashMapValueStorage.java:550)
	at com.intellij.util.io.PersistentHashMap.doGet(PersistentHashMap.java:655)
	at com.intellij.util.io.PersistentHashMap.get(PersistentHashMap.java:602)
	at com.intellij.util.indexing.impl.forward.PersistentMapBasedForwardIndex.get(PersistentMapBasedForwardIndex.java:37)
	at com.intellij.util.indexing.snapshot.SnapshotInputMappings.readContents(SnapshotInputMappings.java:292)
	at com.intellij.util.indexing.snapshot.SnapshotInputMappings.doReadData(SnapshotInputMappings.java:134)
	at com.intellij.util.indexing.snapshot.SnapshotInputMappings.readData(SnapshotInputMappings.java:103)
	at com.intellij.util.indexing.snapshot.SnapshotInputMappings.readData(SnapshotInputMappings.java:32)
	at com.intellij.util.indexing.impl.storage.VfsAwareMapReduceIndex.mapInput(VfsAwareMapReduceIndex.java:157)
	... 58 more
2021-04-10 17:09:06,125 [  57966]  ERROR - rains.concurrency.AsyncPromise - GoLand 2020.3.1  Build #GO-203.6682.164 
2021-04-10 17:09:06,126 [  57967]  ERROR - rains.concurrency.AsyncPromise - JDK: 11.0.9.1; VM: OpenJDK 64-Bit Server VM; Vendor: JetBrains s.r.o. 
2021-04-10 17:09:06,126 [  57967]  ERROR - rains.concurrency.AsyncPromise - OS: Mac OS X 
2021-04-10 17:09:06,126 [  57967]  ERROR - rains.concurrency.AsyncPromise - Last Action: SaveAll 
2021-04-10 17:09:06,180 [  58021]  ERROR - m.intellij.util.ExecutorsQuery - Failed to map data for input 97275 for index IdIndex 
com.intellij.util.indexing.impl.MapReduceIndex$MapInputException: Failed to map data for input 97275 for index IdIndex
	at com.intellij.util.indexing.impl.MapReduceIndex.mapInputAndPrepareUpdate(MapReduceIndex.java:232)
	at com.intellij.indexing.shared.platform.impl.MergedInvertedIndex.updateBaseIndex(MergedInvertedIndex.java:328)
	at com.intellij.indexing.shared.platform.impl.MergedInvertedIndex.mapInputAndPrepareUpdate(MergedInvertedIndex.java:116)
	at com.intellij.indexing.shared.platform.impl.MergedInvertedIndex.mapInputAndPrepareUpdate(MergedInvertedIndex.java:38)
	at com.intellij.util.indexing.FileBasedIndexImpl.updateSingleIndex(FileBasedIndexImpl.java:1474)
	at com.intellij.util.indexing.FileBasedIndexImpl.lambda$doIndexFileContent$23(FileBasedIndexImpl.java:1356)
	at com.intellij.openapi.fileTypes.impl.FileTypeManagerImpl.freezeFileTypeTemporarilyIn(FileTypeManagerImpl.java:555)
	at com.intellij.util.indexing.FileBasedIndexImpl.doIndexFileContent(FileBasedIndexImpl.java:1326)
	at com.intellij.util.indexing.FileBasedIndexImpl.indexFileContent(FileBasedIndexImpl.java:1253)
	at com.intellij.util.indexing.FileBasedIndexImpl.processRefreshedFile(FileBasedIndexImpl.java:1212)
	at com.intellij.util.indexing.FileBasedIndexImpl$VirtualFileUpdateTask.doProcess(FileBasedIndexImpl.java:1544)
	at com.intellij.util.indexing.FileBasedIndexImpl$VirtualFileUpdateTask.doProcess(FileBasedIndexImpl.java:1541)
	at com.intellij.util.indexing.UpdateTask.process(UpdateTask.java:64)
	at com.intellij.util.indexing.UpdateTask.processAll(UpdateTask.java:33)
	at com.intellij.util.indexing.FileBasedIndexImpl.forceUpdate(FileBasedIndexImpl.java:1563)
	at com.intellij.util.indexing.FileBasedIndexImpl.ensureUpToDate(FileBasedIndexImpl.java:723)
	at com.intellij.util.indexing.FileBasedIndexEx.processExceptions(FileBasedIndexEx.java:230)
	at com.intellij.util.indexing.FileBasedIndexEx.getFileData(FileBasedIndexEx.java:161)
	at com.intellij.util.indexing.FileBasedIndexImpl.getFileData(FileBasedIndexImpl.java:1047)
	at com.intellij.psi.impl.cache.impl.IndexTodoCacheManagerImpl.lambda$fetchTodoCountFromIndex$2(IndexTodoCacheManagerImpl.java:114)
	at com.intellij.util.indexing.FileBasedIndex.lambda$ignoreDumbMode$0(FileBasedIndex.java:179)
	at com.intellij.openapi.util.RecursionManager$1.computePreventingRecursion(RecursionManager.java:111)
	at com.intellij.util.indexing.FileBasedIndexEx.ignoreDumbMode(FileBasedIndexEx.java:543)
	at com.intellij.util.indexing.FileBasedIndex.ignoreDumbMode(FileBasedIndex.java:178)
	at com.intellij.psi.impl.cache.impl.IndexTodoCacheManagerImpl.fetchTodoCountFromIndex(IndexTodoCacheManagerImpl.java:113)
	at com.intellij.psi.impl.cache.impl.IndexTodoCacheManagerImpl.getTodoCountImpl(IndexTodoCacheManagerImpl.java:93)
	at com.intellij.psi.impl.cache.impl.IndexTodoCacheManagerImpl.getTodoCount(IndexTodoCacheManagerImpl.java:68)
	at com.intellij.psi.impl.search.IndexPatternSearcher.processQuery(IndexPatternSearcher.java:60)
	at com.intellij.psi.impl.search.IndexPatternSearcher.processQuery(IndexPatternSearcher.java:41)
	at com.intellij.openapi.application.QueryExecutorBase.execute(QueryExecutorBase.java:77)
	at com.intellij.util.ExecutorsQuery.processResults(ExecutorsQuery.java:28)
	at com.intellij.util.AbstractQuery.doProcessResults(AbstractQuery.java:99)
	at com.intellij.util.AbstractQuery.forEach(AbstractQuery.java:91)
	at com.intellij.util.AbstractQuery.findAll(AbstractQuery.java:28)
	at com.intellij.psi.impl.search.PsiTodoSearchHelperImpl.findTodoItems(PsiTodoSearchHelperImpl.java:51)
	at com.intellij.codeInsight.daemon.impl.GeneralHighlightingPass.highlightTodos(GeneralHighlightingPass.java:498)
	at com.intellij.codeInsight.daemon.impl.GeneralHighlightingPass.collectInformationWithProgress(GeneralHighlightingPass.java:207)
	at com.intellij.codeInsight.daemon.impl.ProgressableTextEditorHighlightingPass.doCollectInformation(ProgressableTextEditorHighlightingPass.java:84)
	at com.intellij.codeHighlighting.TextEditorHighlightingPass.collectInformation(TextEditorHighlightingPass.java:56)
	at com.intellij.codeInsight.daemon.impl.PassExecutorService$ScheduledPass.lambda$doRun$1(PassExecutorService.java:400)
	at com.intellij.openapi.application.impl.ApplicationImpl.tryRunReadAction(ApplicationImpl.java:1137)
	at com.intellij.codeInsight.daemon.impl.PassExecutorService$ScheduledPass.lambda$doRun$2(PassExecutorService.java:393)
	at com.intellij.openapi.progress.impl.CoreProgressManager.registerIndicatorAndRun(CoreProgressManager.java:658)
	at com.intellij.openapi.progress.impl.CoreProgressManager.executeProcessUnderProgress(CoreProgressManager.java:610)
	at com.intellij.openapi.progress.impl.ProgressManagerImpl.executeProcessUnderProgress(ProgressManagerImpl.java:65)
	at com.intellij.codeInsight.daemon.impl.PassExecutorService$ScheduledPass.doRun(PassExecutorService.java:392)
	at com.intellij.codeInsight.daemon.impl.PassExecutorService$ScheduledPass.lambda$run$0(PassExecutorService.java:368)
	at com.intellij.openapi.application.impl.ReadMostlyRWLock.executeByImpatientReader(ReadMostlyRWLock.java:172)
	at com.intellij.openapi.application.impl.ApplicationImpl.executeByImpatientReader(ApplicationImpl.java:183)
	at com.intellij.codeInsight.daemon.impl.PassExecutorService$ScheduledPass.run(PassExecutorService.java:366)
	at com.intellij.concurrency.JobLauncherImpl$VoidForkJoinTask$1.exec(JobLauncherImpl.java:188)
	at java.base/java.util.concurrent.ForkJoinTask.doExec(ForkJoinTask.java:290)
	at java.base/java.util.concurrent.ForkJoinPool$WorkQueue.topLevelExec(ForkJoinPool.java:1020)
	at java.base/java.util.concurrent.ForkJoinPool.scan(ForkJoinPool.java:1656)
	at java.base/java.util.concurrent.ForkJoinPool.runWorker(ForkJoinPool.java:1594)
	at java.base/java.util.concurrent.ForkJoinWorkerThread.run(ForkJoinWorkerThread.java:183)
Caused by: java.lang.RuntimeException: java.io.EOFException
	at com.intellij.util.indexing.impl.storage.VfsAwareMapReduceIndex.mapInput(VfsAwareMapReduceIndex.java:165)
	at com.intellij.util.indexing.impl.storage.VfsAwareMapReduceIndex.mapInput(VfsAwareMapReduceIndex.java:46)
	at com.intellij.util.indexing.impl.MapReduceIndex.mapInputAndPrepareUpdate(MapReduceIndex.java:226)
	... 55 more
Caused by: java.io.EOFException
	at java.base/java.io.DataInputStream.readUnsignedByte(DataInputStream.java:295)
	at com.intellij.openapi.util.io.DataInputOutputUtilRt.readINT(DataInputOutputUtilRt.java:16)
	at com.intellij.util.io.DataInputOutputUtil.readINT(DataInputOutputUtil.java:23)
	at com.intellij.util.io.PersistentHashMapValueStorage.readChunkSize(PersistentHashMapValueStorage.java:649)
	at com.intellij.util.io.PersistentHashMapValueStorage.readBytes(PersistentHashMapValueStorage.java:550)
	at com.intellij.util.io.PersistentHashMap.doGet(PersistentHashMap.java:655)
	at com.intellij.util.io.PersistentHashMap.get(PersistentHashMap.java:602)
	at com.intellij.util.indexing.impl.forward.PersistentMapBasedForwardIndex.get(PersistentMapBasedForwardIndex.java:37)
	at com.intellij.util.indexing.snapshot.SnapshotInputMappings.readContents(SnapshotInputMappings.java:292)
	at com.intellij.util.indexing.snapshot.SnapshotInputMappings.doReadData(SnapshotInputMappings.java:134)
	at com.intellij.util.indexing.snapshot.SnapshotInputMappings.readData(SnapshotInputMappings.java:103)
	at com.intellij.util.indexing.snapshot.SnapshotInputMappings.readData(SnapshotInputMappings.java:32)
	at com.intellij.util.indexing.impl.storage.VfsAwareMapReduceIndex.mapInput(VfsAwareMapReduceIndex.java:157)
	... 57 more
2021-04-10 17:09:06,181 [  58022]  ERROR - m.intellij.util.ExecutorsQuery - GoLand 2020.3.1  Build #GO-203.6682.164 
2021-04-10 17:09:06,181 [  58022]  ERROR - m.intellij.util.ExecutorsQuery - JDK: 11.0.9.1; VM: OpenJDK 64-Bit Server VM; Vendor: JetBrains s.r.o. 
2021-04-10 17:09:06,181 [  58022]  ERROR - m.intellij.util.ExecutorsQuery - OS: Mac OS X 
2021-04-10 17:09:06,181 [  58022]  ERROR - m.intellij.util.ExecutorsQuery - Last Action: SaveAll 
2021-04-10 17:09:06,347 [  58188]  ERROR - rains.concurrency.AsyncPromise - Failed to map data for input 97275 for index IdIndex 
com.intellij.util.indexing.impl.MapReduceIndex$MapInputException: Failed to map data for input 97275 for index IdIndex
	at com.intellij.util.indexing.impl.MapReduceIndex.mapInputAndPrepareUpdate(MapReduceIndex.java:232)
	at com.intellij.indexing.shared.platform.impl.MergedInvertedIndex.updateBaseIndex(MergedInvertedIndex.java:328)
	at com.intellij.indexing.shared.platform.impl.MergedInvertedIndex.mapInputAndPrepareUpdate(MergedInvertedIndex.java:116)
	at com.intellij.indexing.shared.platform.impl.MergedInvertedIndex.mapInputAndPrepareUpdate(MergedInvertedIndex.java:38)
	at com.intellij.util.indexing.FileBasedIndexImpl.updateSingleIndex(FileBasedIndexImpl.java:1474)
	at com.intellij.util.indexing.FileBasedIndexImpl.lambda$doIndexFileContent$23(FileBasedIndexImpl.java:1356)
	at com.intellij.openapi.fileTypes.impl.FileTypeManagerImpl.freezeFileTypeTemporarilyIn(FileTypeManagerImpl.java:555)
	at com.intellij.util.indexing.FileBasedIndexImpl.doIndexFileContent(FileBasedIndexImpl.java:1326)
	at com.intellij.util.indexing.FileBasedIndexImpl.indexFileContent(FileBasedIndexImpl.java:1253)
	at com.intellij.util.indexing.FileBasedIndexImpl.processRefreshedFile(FileBasedIndexImpl.java:1212)
	at com.intellij.util.indexing.FileBasedIndexImpl$VirtualFileUpdateTask.doProcess(FileBasedIndexImpl.java:1544)
	at com.intellij.util.indexing.FileBasedIndexImpl$VirtualFileUpdateTask.doProcess(FileBasedIndexImpl.java:1541)
	at com.intellij.util.indexing.UpdateTask.process(UpdateTask.java:64)
	at com.intellij.util.indexing.UpdateTask.processAll(UpdateTask.java:33)
	at com.intellij.util.indexing.FileBasedIndexImpl.forceUpdate(FileBasedIndexImpl.java:1563)
	at com.intellij.util.indexing.FileBasedIndexImpl.ensureUpToDate(FileBasedIndexImpl.java:723)
	at com.intellij.util.indexing.FileBasedIndexEx.processExceptions(FileBasedIndexEx.java:230)
	at com.intellij.util.indexing.FileBasedIndexEx.getFileData(FileBasedIndexEx.java:161)
	at com.intellij.util.indexing.FileBasedIndexImpl.getFileData(FileBasedIndexImpl.java:1047)
	at com.jetbrains.jsonSchema.impl.JsonSchemaFileValuesIndex.getCachedValue(JsonSchemaFileValuesIndex.java:83)
	at com.jetbrains.jsonSchema.impl.JsonCachedValues.getSchemaUrlFromSchemaProperty(JsonCachedValues.java:52)
	at com.jetbrains.jsonSchema.impl.JsonSchemaServiceImpl.getSchemasForFile(JsonSchemaServiceImpl.java:171)
	at com.jetbrains.jsonSchema.impl.JsonSchemaServiceImpl.getSchemaFilesForFile(JsonSchemaServiceImpl.java:163)
	at org.jetbrains.plugins.github.extensions.GithubYamlIconProvider.getIcon(GithubYamlIconProvider.kt:24)
	at com.intellij.util.PsiIconUtil.getProvidersIcon(PsiIconUtil.java:17)
	at com.intellij.ide.FileIconPatcherImpl.getIcon(FileIconPatcherImpl.java:37)
	at com.intellij.util.IconUtil.getProvidersIcon(IconUtil.java:221)
	at com.intellij.util.IconUtil.computeFileIcon(IconUtil.java:154)
	at com.intellij.openapi.fileEditor.impl.EditorsSplitters.lambda$updateFileIconAsynchronously$5(EditorsSplitters.java:400)
	at com.intellij.openapi.application.impl.NonBlockingReadActionImpl$Submission.insideReadAction(NonBlockingReadActionImpl.java:521)
	at com.intellij.openapi.application.impl.NonBlockingReadActionImpl$Submission.lambda$attemptComputation$3(NonBlockingReadActionImpl.java:468)
	at com.intellij.openapi.application.impl.ApplicationImpl.tryRunReadAction(ApplicationImpl.java:1137)
	at com.intellij.openapi.progress.util.ProgressIndicatorUtils.lambda$runInReadActionWithWriteActionPriority$0(ProgressIndicatorUtils.java:76)
	at com.intellij.openapi.progress.util.ProgressIndicatorUtils.runActionAndCancelBeforeWrite(ProgressIndicatorUtils.java:152)
	at com.intellij.openapi.progress.util.ProgressIndicatorUtils.lambda$runWithWriteActionPriority$1(ProgressIndicatorUtils.java:113)
	at com.intellij.openapi.progress.ProgressManager.lambda$runProcess$0(ProgressManager.java:59)
	at com.intellij.openapi.progress.impl.CoreProgressManager.lambda$runProcess$2(CoreProgressManager.java:178)
	at com.intellij.openapi.progress.impl.CoreProgressManager.registerIndicatorAndRun(CoreProgressManager.java:658)
	at com.intellij.openapi.progress.impl.CoreProgressManager.executeProcessUnderProgress(CoreProgressManager.java:610)
	at com.intellij.openapi.progress.impl.ProgressManagerImpl.executeProcessUnderProgress(ProgressManagerImpl.java:65)
	at com.intellij.openapi.progress.impl.CoreProgressManager.runProcess(CoreProgressManager.java:165)
	at com.intellij.openapi.progress.ProgressManager.runProcess(ProgressManager.java:59)
	at com.intellij.openapi.progress.util.ProgressIndicatorUtils.runWithWriteActionPriority(ProgressIndicatorUtils.java:110)
	at com.intellij.openapi.progress.util.ProgressIndicatorUtils.runInReadActionWithWriteActionPriority(ProgressIndicatorUtils.java:76)
	at com.intellij.openapi.application.impl.NonBlockingReadActionImpl$Submission.attemptComputation(NonBlockingReadActionImpl.java:486)
	at com.intellij.openapi.application.impl.NonBlockingReadActionImpl$Submission.lambda$transferToBgThread$1(NonBlockingReadActionImpl.java:408)
	at com.intellij.util.concurrency.BoundedTaskExecutor.doRun(BoundedTaskExecutor.java:216)
	at com.intellij.util.concurrency.BoundedTaskExecutor.access$200(BoundedTaskExecutor.java:27)
	at com.intellij.util.concurrency.BoundedTaskExecutor$1.execute(BoundedTaskExecutor.java:195)
	at com.intellij.util.concurrency.BoundedTaskExecutor$1.run(BoundedTaskExecutor.java:187)
	at java.base/java.util.concurrent.ThreadPoolExecutor.runWorker(ThreadPoolExecutor.java:1128)
	at java.base/java.util.concurrent.ThreadPoolExecutor$Worker.run(ThreadPoolExecutor.java:628)
	at java.base/java.util.concurrent.Executors$PrivilegedThreadFactory$1$1.run(Executors.java:668)
	at java.base/java.util.concurrent.Executors$PrivilegedThreadFactory$1$1.run(Executors.java:665)
	at java.base/java.security.AccessController.doPrivileged(Native Method)
	at java.base/java.util.concurrent.Executors$PrivilegedThreadFactory$1.run(Executors.java:665)
	at java.base/java.lang.Thread.run(Thread.java:834)
Caused by: java.lang.RuntimeException: java.io.EOFException
	at com.intellij.util.indexing.impl.storage.VfsAwareMapReduceIndex.mapInput(VfsAwareMapReduceIndex.java:165)
	at com.intellij.util.indexing.impl.storage.VfsAwareMapReduceIndex.mapInput(VfsAwareMapReduceIndex.java:46)
	at com.intellij.util.indexing.impl.MapReduceIndex.mapInputAndPrepareUpdate(MapReduceIndex.java:226)
	... 56 more
Caused by: java.io.EOFException
	at java.base/java.io.DataInputStream.readUnsignedByte(DataInputStream.java:295)
	at com.intellij.openapi.util.io.DataInputOutputUtilRt.readINT(DataInputOutputUtilRt.java:16)
	at com.intellij.util.io.DataInputOutputUtil.readINT(DataInputOutputUtil.java:23)
	at com.intellij.util.io.PersistentHashMapValueStorage.readChunkSize(PersistentHashMapValueStorage.java:649)
	at com.intellij.util.io.PersistentHashMapValueStorage.readBytes(PersistentHashMapValueStorage.java:550)
	at com.intellij.util.io.PersistentHashMap.doGet(PersistentHashMap.java:655)
	at com.intellij.util.io.PersistentHashMap.get(PersistentHashMap.java:602)
	at com.intellij.util.indexing.impl.forward.PersistentMapBasedForwardIndex.get(PersistentMapBasedForwardIndex.java:37)
	at com.intellij.util.indexing.snapshot.SnapshotInputMappings.readContents(SnapshotInputMappings.java:292)
	at com.intellij.util.indexing.snapshot.SnapshotInputMappings.doReadData(SnapshotInputMappings.java:134)
	at com.intellij.util.indexing.snapshot.SnapshotInputMappings.readData(SnapshotInputMappings.java:103)
	at com.intellij.util.indexing.snapshot.SnapshotInputMappings.readData(SnapshotInputMappings.java:32)
	at com.intellij.util.indexing.impl.storage.VfsAwareMapReduceIndex.mapInput(VfsAwareMapReduceIndex.java:157)
	... 58 more
2021-04-10 17:09:06,348 [  58189]  ERROR - rains.concurrency.AsyncPromise - GoLand 2020.3.1  Build #GO-203.6682.164 
2021-04-10 17:09:06,349 [  58190]  ERROR - rains.concurrency.AsyncPromise - JDK: 11.0.9.1; VM: OpenJDK 64-Bit Server VM; Vendor: JetBrains s.r.o. 
2021-04-10 17:09:06,349 [  58190]  ERROR - rains.concurrency.AsyncPromise - OS: Mac OS X 
2021-04-10 17:09:06,349 [  58190]  ERROR - rains.concurrency.AsyncPromise - Last Action: SaveAll 
2021-04-10 17:09:06,664 [  58505]  ERROR - rains.concurrency.AsyncPromise - Failed to map data for input 97275 for index IdIndex 
com.intellij.util.indexing.impl.MapReduceIndex$MapInputException: Failed to map data for input 97275 for index IdIndex
	at com.intellij.util.indexing.impl.MapReduceIndex.mapInputAndPrepareUpdate(MapReduceIndex.java:232)
	at com.intellij.indexing.shared.platform.impl.MergedInvertedIndex.updateBaseIndex(MergedInvertedIndex.java:328)
	at com.intellij.indexing.shared.platform.impl.MergedInvertedIndex.mapInputAndPrepareUpdate(MergedInvertedIndex.java:116)
	at com.intellij.indexing.shared.platform.impl.MergedInvertedIndex.mapInputAndPrepareUpdate(MergedInvertedIndex.java:38)
	at com.intellij.util.indexing.FileBasedIndexImpl.updateSingleIndex(FileBasedIndexImpl.java:1474)
	at com.intellij.util.indexing.FileBasedIndexImpl.lambda$doIndexFileContent$23(FileBasedIndexImpl.java:1356)
	at com.intellij.openapi.fileTypes.impl.FileTypeManagerImpl.freezeFileTypeTemporarilyIn(FileTypeManagerImpl.java:555)
	at com.intellij.util.indexing.FileBasedIndexImpl.doIndexFileContent(FileBasedIndexImpl.java:1326)
	at com.intellij.util.indexing.FileBasedIndexImpl.indexFileContent(FileBasedIndexImpl.java:1253)
	at com.intellij.util.indexing.FileBasedIndexImpl.processRefreshedFile(FileBasedIndexImpl.java:1212)
	at com.intellij.util.indexing.FileBasedIndexImpl$VirtualFileUpdateTask.doProcess(FileBasedIndexImpl.java:1544)
	at com.intellij.util.indexing.FileBasedIndexImpl$VirtualFileUpdateTask.doProcess(FileBasedIndexImpl.java:1541)
	at com.intellij.util.indexing.UpdateTask.process(UpdateTask.java:64)
	at com.intellij.util.indexing.UpdateTask.processAll(UpdateTask.java:33)
	at com.intellij.util.indexing.FileBasedIndexImpl.forceUpdate(FileBasedIndexImpl.java:1563)
	at com.intellij.util.indexing.FileBasedIndexImpl.ensureUpToDate(FileBasedIndexImpl.java:723)
	at com.intellij.util.indexing.FileBasedIndexEx.processExceptions(FileBasedIndexEx.java:230)
	at com.intellij.util.indexing.FileBasedIndexEx.getFileData(FileBasedIndexEx.java:161)
	at com.intellij.util.indexing.FileBasedIndexImpl.getFileData(FileBasedIndexImpl.java:1047)
	at com.jetbrains.jsonSchema.impl.JsonSchemaFileValuesIndex.getCachedValue(JsonSchemaFileValuesIndex.java:83)
	at com.jetbrains.jsonSchema.impl.JsonCachedValues.getSchemaUrlFromSchemaProperty(JsonCachedValues.java:52)
	at com.jetbrains.jsonSchema.impl.JsonSchemaServiceImpl.getSchemasForFile(JsonSchemaServiceImpl.java:171)
	at com.jetbrains.jsonSchema.impl.JsonSchemaServiceImpl.getSchemaFilesForFile(JsonSchemaServiceImpl.java:163)
	at org.jetbrains.plugins.github.extensions.GithubYamlIconProvider.getIcon(GithubYamlIconProvider.kt:24)
	at com.intellij.util.PsiIconUtil.getProvidersIcon(PsiIconUtil.java:17)
	at com.intellij.ide.FileIconPatcherImpl.getIcon(FileIconPatcherImpl.java:37)
	at com.intellij.util.IconUtil.getProvidersIcon(IconUtil.java:221)
	at com.intellij.util.IconUtil.computeFileIcon(IconUtil.java:154)
	at com.intellij.openapi.fileEditor.impl.EditorsSplitters.lambda$updateFileIconAsynchronously$5(EditorsSplitters.java:400)
	at com.intellij.openapi.application.impl.NonBlockingReadActionImpl$Submission.insideReadAction(NonBlockingReadActionImpl.java:521)
	at com.intellij.openapi.application.impl.NonBlockingReadActionImpl$Submission.lambda$attemptComputation$3(NonBlockingReadActionImpl.java:468)
	at com.intellij.openapi.application.impl.ApplicationImpl.tryRunReadAction(ApplicationImpl.java:1137)
	at com.intellij.openapi.progress.util.ProgressIndicatorUtils.lambda$runInReadActionWithWriteActionPriority$0(ProgressIndicatorUtils.java:76)
	at com.intellij.openapi.progress.util.ProgressIndicatorUtils.runActionAndCancelBeforeWrite(ProgressIndicatorUtils.java:152)
	at com.intellij.openapi.progress.util.ProgressIndicatorUtils.lambda$runWithWriteActionPriority$1(ProgressIndicatorUtils.java:113)
	at com.intellij.openapi.progress.ProgressManager.lambda$runProcess$0(ProgressManager.java:59)
	at com.intellij.openapi.progress.impl.CoreProgressManager.lambda$runProcess$2(CoreProgressManager.java:178)
	at com.intellij.openapi.progress.impl.CoreProgressManager.registerIndicatorAndRun(CoreProgressManager.java:658)
	at com.intellij.openapi.progress.impl.CoreProgressManager.executeProcessUnderProgress(CoreProgressManager.java:610)
	at com.intellij.openapi.progress.impl.ProgressManagerImpl.executeProcessUnderProgress(ProgressManagerImpl.java:65)
	at com.intellij.openapi.progress.impl.CoreProgressManager.runProcess(CoreProgressManager.java:165)
	at com.intellij.openapi.progress.ProgressManager.runProcess(ProgressManager.java:59)
	at com.intellij.openapi.progress.util.ProgressIndicatorUtils.runWithWriteActionPriority(ProgressIndicatorUtils.java:110)
	at com.intellij.openapi.progress.util.ProgressIndicatorUtils.runInReadActionWithWriteActionPriority(ProgressIndicatorUtils.java:76)
	at com.intellij.openapi.application.impl.NonBlockingReadActionImpl$Submission.attemptComputation(NonBlockingReadActionImpl.java:486)
	at com.intellij.openapi.application.impl.NonBlockingReadActionImpl$Submission.lambda$transferToBgThread$1(NonBlockingReadActionImpl.java:408)
	at com.intellij.util.concurrency.BoundedTaskExecutor.doRun(BoundedTaskExecutor.java:216)
	at com.intellij.util.concurrency.BoundedTaskExecutor.access$200(BoundedTaskExecutor.java:27)
	at com.intellij.util.concurrency.BoundedTaskExecutor$1.execute(BoundedTaskExecutor.java:195)
	at com.intellij.util.concurrency.BoundedTaskExecutor$1.run(BoundedTaskExecutor.java:187)
	at java.base/java.util.concurrent.ThreadPoolExecutor.runWorker(ThreadPoolExecutor.java:1128)
	at java.base/java.util.concurrent.ThreadPoolExecutor$Worker.run(ThreadPoolExecutor.java:628)
	at java.base/java.util.concurrent.Executors$PrivilegedThreadFactory$1$1.run(Executors.java:668)
	at java.base/java.util.concurrent.Executors$PrivilegedThreadFactory$1$1.run(Executors.java:665)
	at java.base/java.security.AccessController.doPrivileged(Native Method)
	at java.base/java.util.concurrent.Executors$PrivilegedThreadFactory$1.run(Executors.java:665)
	at java.base/java.lang.Thread.run(Thread.java:834)
Caused by: java.lang.RuntimeException: java.io.EOFException
	at com.intellij.util.indexing.impl.storage.VfsAwareMapReduceIndex.mapInput(VfsAwareMapReduceIndex.java:165)
	at com.intellij.util.indexing.impl.storage.VfsAwareMapReduceIndex.mapInput(VfsAwareMapReduceIndex.java:46)
	at com.intellij.util.indexing.impl.MapReduceIndex.mapInputAndPrepareUpdate(MapReduceIndex.java:226)
	... 56 more
Caused by: java.io.EOFException
	at java.base/java.io.DataInputStream.readUnsignedByte(DataInputStream.java:295)
	at com.intellij.openapi.util.io.DataInputOutputUtilRt.readINT(DataInputOutputUtilRt.java:16)
	at com.intellij.util.io.DataInputOutputUtil.readINT(DataInputOutputUtil.java:23)
	at com.intellij.util.io.PersistentHashMapValueStorage.readChunkSize(PersistentHashMapValueStorage.java:649)
	at com.intellij.util.io.PersistentHashMapValueStorage.readBytes(PersistentHashMapValueStorage.java:550)
	at com.intellij.util.io.PersistentHashMap.doGet(PersistentHashMap.java:655)
	at com.intellij.util.io.PersistentHashMap.get(PersistentHashMap.java:602)
	at com.intellij.util.indexing.impl.forward.PersistentMapBasedForwardIndex.get(PersistentMapBasedForwardIndex.java:37)
	at com.intellij.util.indexing.snapshot.SnapshotInputMappings.readContents(SnapshotInputMappings.java:292)
	at com.intellij.util.indexing.snapshot.SnapshotInputMappings.doReadData(SnapshotInputMappings.java:134)
	at com.intellij.util.indexing.snapshot.SnapshotInputMappings.readData(SnapshotInputMappings.java:103)
	at com.intellij.util.indexing.snapshot.SnapshotInputMappings.readData(SnapshotInputMappings.java:32)
	at com.intellij.util.indexing.impl.storage.VfsAwareMapReduceIndex.mapInput(VfsAwareMapReduceIndex.java:157)
	... 58 more
2021-04-10 17:09:06,665 [  58506]  ERROR - rains.concurrency.AsyncPromise - GoLand 2020.3.1  Build #GO-203.6682.164 
2021-04-10 17:09:06,665 [  58506]  ERROR - rains.concurrency.AsyncPromise - JDK: 11.0.9.1; VM: OpenJDK 64-Bit Server VM; Vendor: JetBrains s.r.o. 
2021-04-10 17:09:06,665 [  58506]  ERROR - rains.concurrency.AsyncPromise - OS: Mac OS X 
2021-04-10 17:09:06,666 [  58507]  ERROR - rains.concurrency.AsyncPromise - Last Action: SaveAll 
