2021-04-05 18:48:37.084 goland[1044:13953] allVms required 1.8*,1.8+
2021-04-05 18:48:37.086 goland[1044:13963] Current Directory: /Users/lx/ayher/learn/btc/my/bitcoin
2021-04-05 18:48:37.086 goland[1044:13963] Value of GOLAND_VM_OPTIONS is (null)
2021-04-05 18:48:37.086 goland[1044:13963] Processing VMOptions file at /Users/lx/Library/Application Support/JetBrains/GoLand2020.3/goland.vmoptions
2021-04-05 18:48:37.086 goland[1044:13963] Done
OpenJDK 64-Bit Server VM warning: Option UseConcMarkSweepGC was deprecated in version 9.0 and will likely be removed in a future release.
Already running
2021-04-05 20:25:11.635 goland[2009:43445] allVms required 1.8*,1.8+
2021-04-05 20:25:11.637 goland[2009:43454] Current Directory: /Users/lx/ayher/learn/btc/my/bitcoin
2021-04-05 20:25:11.637 goland[2009:43454] Value of GOLAND_VM_OPTIONS is (null)
2021-04-05 20:25:11.637 goland[2009:43454] Processing VMOptions file at /Users/lx/Library/Application Support/JetBrains/GoLand2020.3/goland.vmoptions
2021-04-05 20:25:11.637 goland[2009:43454] Done
OpenJDK 64-Bit Server VM warning: Option UseConcMarkSweepGC was deprecated in version 9.0 and will likely be removed in a future release.
Already running
2021-04-06 13:42:52.237 goland[4130:81450] allVms required 1.8*,1.8+
2021-04-06 13:42:52.239 goland[4130:81460] Current Directory: /Users/lx/ayher/learn/btc/my/bitcoin
2021-04-06 13:42:52.239 goland[4130:81460] Value of GOLAND_VM_OPTIONS is (null)
2021-04-06 13:42:52.239 goland[4130:81460] Processing VMOptions file at /Users/lx/Library/Application Support/JetBrains/GoLand2020.3/goland.vmoptions
2021-04-06 13:42:52.240 goland[4130:81460] Done
OpenJDK 64-Bit Server VM warning: Option UseConcMarkSweepGC was deprecated in version 9.0 and will likely be removed in a future release.
Already running
2021-04-06 20:34:47.956 goland[7587:206588] allVms required 1.8*,1.8+
2021-04-06 20:34:47.958 goland[7587:206598] Current Directory: /Users/lx/ayher/learn/btc/my/bitcoin
2021-04-06 20:34:47.958 goland[7587:206598] Value of GOLAND_VM_OPTIONS is (null)
2021-04-06 20:34:47.958 goland[7587:206598] Processing VMOptions file at /Users/lx/Library/Application Support/JetBrains/GoLand2020.3/goland.vmoptions
2021-04-06 20:34:47.958 goland[7587:206598] Done
OpenJDK 64-Bit Server VM warning: Option UseConcMarkSweepGC was deprecated in version 9.0 and will likely be removed in a future release.
Already running
2021-04-06 20:35:02.074 goland[7610:206873] allVms required 1.8*,1.8+
2021-04-06 20:35:02.076 goland[7610:206878] Current Directory: /Users/lx/ayher/learn/btc/my/bitcoin
2021-04-06 20:35:02.076 goland[7610:206878] Value of GOLAND_VM_OPTIONS is (null)
2021-04-06 20:35:02.076 goland[7610:206878] Processing VMOptions file at /Users/lx/Library/Application Support/JetBrains/GoLand2020.3/goland.vmoptions
2021-04-06 20:35:02.076 goland[7610:206878] Done
OpenJDK 64-Bit Server VM warning: Option UseConcMarkSweepGC was deprecated in version 9.0 and will likely be removed in a future release.
Already running
2021-04-06 21:16:26.942 goland[8142:222494] allVms required 1.8*,1.8+
2021-04-06 21:16:26.945 goland[8142:222502] Current Directory: /Users/lx/ayher/learn/btc/my/bitcoin
2021-04-06 21:16:26.945 goland[8142:222502] Value of GOLAND_VM_OPTIONS is (null)
2021-04-06 21:16:26.945 goland[8142:222502] Processing VMOptions file at /Users/lx/Library/Application Support/JetBrains/GoLand2020.3/goland.vmoptions
2021-04-06 21:16:26.945 goland[8142:222502] Done
OpenJDK 64-Bit Server VM warning: Option UseConcMarkSweepGC was deprecated in version 9.0 and will likely be removed in a future release.
Already running
